[2018-06-18 09:02:39,281] ERROR {org.ballerinalang.launcher.Main} - null 
java.util.NoSuchElementException
	at java.util.ArrayDeque.removeFirst(ArrayDeque.java:285)
	at org.wso2.ballerinalang.compiler.parser.BLangPackageBuilder.completeMatchNode(BLangPackageBuilder.java:2047)
	at org.wso2.ballerinalang.compiler.parser.BLangParserListener.exitMatchStatement(BLangParserListener.java:1199)
	at org.wso2.ballerinalang.compiler.parser.antlr4.BallerinaParser$MatchStatementContext.exitRule(BallerinaParser.java:5888)
	at org.antlr.v4.runtime.Parser.triggerExitRuleEvent(Parser.java:430)
	at org.antlr.v4.runtime.Parser.exitRule(Parser.java:646)
	at org.wso2.ballerinalang.compiler.parser.antlr4.BallerinaParser.compilationUnit(BallerinaParser.java:453)
	at org.wso2.ballerinalang.compiler.parser.Parser.generateCompilationUnit(Parser.java:109)
	at org.wso2.ballerinalang.compiler.parser.Parser.lambda$parse$0(Parser.java:84)
	at java.util.ArrayList.forEach(ArrayList.java:1257)
	at org.wso2.ballerinalang.compiler.parser.Parser.parse(Parser.java:84)
	at org.wso2.ballerinalang.compiler.PackageLoader.parse(PackageLoader.java:401)
	at org.wso2.ballerinalang.compiler.PackageLoader.parseAndDefine(PackageLoader.java:376)
	at org.wso2.ballerinalang.compiler.PackageLoader.loadPackageSymbol(PackageLoader.java:325)
	at org.wso2.ballerinalang.compiler.semantics.analyzer.SymbolEnter.visit(SymbolEnter.java:300)
	at org.wso2.ballerinalang.compiler.tree.BLangImportPackage.accept(BLangImportPackage.java:78)
	at org.wso2.ballerinalang.compiler.semantics.analyzer.SymbolEnter.defineNode(SymbolEnter.java:171)
	at org.wso2.ballerinalang.compiler.semantics.analyzer.SymbolEnter.lambda$visit$0(SymbolEnter.java:194)
	at java.util.ArrayList.forEach(ArrayList.java:1257)
	at org.wso2.ballerinalang.compiler.semantics.analyzer.SymbolEnter.visit(SymbolEnter.java:194)
	at org.wso2.ballerinalang.compiler.tree.BLangPackage.accept(BLangPackage.java:150)
	at org.wso2.ballerinalang.compiler.semantics.analyzer.SymbolEnter.defineNode(SymbolEnter.java:171)
	at org.wso2.ballerinalang.compiler.semantics.analyzer.SymbolEnter.definePackage(SymbolEnter.java:164)
	at org.wso2.ballerinalang.compiler.PackageLoader.define(PackageLoader.java:382)
	at org.wso2.ballerinalang.compiler.PackageLoader.parseAndDefine(PackageLoader.java:377)
	at org.wso2.ballerinalang.compiler.PackageLoader.loadPackageSymbol(PackageLoader.java:325)
	at org.wso2.ballerinalang.compiler.semantics.analyzer.SymbolEnter.visit(SymbolEnter.java:300)
	at org.wso2.ballerinalang.compiler.tree.BLangImportPackage.accept(BLangImportPackage.java:78)
	at org.wso2.ballerinalang.compiler.semantics.analyzer.SymbolEnter.defineNode(SymbolEnter.java:171)
	at org.wso2.ballerinalang.compiler.semantics.analyzer.SymbolEnter.lambda$visit$0(SymbolEnter.java:194)
	at java.util.ArrayList.forEach(ArrayList.java:1257)
	at org.wso2.ballerinalang.compiler.semantics.analyzer.SymbolEnter.visit(SymbolEnter.java:194)
	at org.wso2.ballerinalang.compiler.tree.BLangPackage.accept(BLangPackage.java:150)
	at org.wso2.ballerinalang.compiler.semantics.analyzer.SymbolEnter.defineNode(SymbolEnter.java:171)
	at org.wso2.ballerinalang.compiler.semantics.analyzer.SymbolEnter.definePackage(SymbolEnter.java:164)
	at org.wso2.ballerinalang.compiler.PackageLoader.define(PackageLoader.java:382)
	at org.wso2.ballerinalang.compiler.PackageLoader.parseAndDefine(PackageLoader.java:377)
	at org.wso2.ballerinalang.compiler.PackageLoader.loadPackageSymbol(PackageLoader.java:325)
	at org.wso2.ballerinalang.compiler.semantics.analyzer.SymbolEnter.visit(SymbolEnter.java:300)
	at org.wso2.ballerinalang.compiler.tree.BLangImportPackage.accept(BLangImportPackage.java:78)
	at org.wso2.ballerinalang.compiler.semantics.analyzer.SymbolEnter.defineNode(SymbolEnter.java:171)
	at org.wso2.ballerinalang.compiler.semantics.analyzer.SymbolEnter.lambda$visit$0(SymbolEnter.java:194)
	at java.util.ArrayList.forEach(ArrayList.java:1257)
	at org.wso2.ballerinalang.compiler.semantics.analyzer.SymbolEnter.visit(SymbolEnter.java:194)
	at org.wso2.ballerinalang.compiler.tree.BLangPackage.accept(BLangPackage.java:150)
	at org.wso2.ballerinalang.compiler.semantics.analyzer.SymbolEnter.defineNode(SymbolEnter.java:171)
	at org.wso2.ballerinalang.compiler.semantics.analyzer.SymbolEnter.definePackage(SymbolEnter.java:164)
	at org.wso2.ballerinalang.compiler.PackageLoader.define(PackageLoader.java:382)
	at org.wso2.ballerinalang.compiler.PackageLoader.parseAndDefine(PackageLoader.java:377)
	at org.wso2.ballerinalang.compiler.PackageLoader.loadPackageSymbol(PackageLoader.java:325)
	at org.wso2.ballerinalang.compiler.semantics.analyzer.SymbolEnter.visit(SymbolEnter.java:300)
	at org.wso2.ballerinalang.compiler.tree.BLangImportPackage.accept(BLangImportPackage.java:78)
	at org.wso2.ballerinalang.compiler.semantics.analyzer.SymbolEnter.defineNode(SymbolEnter.java:171)
	at org.wso2.ballerinalang.compiler.semantics.analyzer.SymbolEnter.lambda$visit$0(SymbolEnter.java:194)
	at java.util.ArrayList.forEach(ArrayList.java:1257)
	at org.wso2.ballerinalang.compiler.semantics.analyzer.SymbolEnter.visit(SymbolEnter.java:194)
	at org.wso2.ballerinalang.compiler.tree.BLangPackage.accept(BLangPackage.java:150)
	at org.wso2.ballerinalang.compiler.semantics.analyzer.SymbolEnter.defineNode(SymbolEnter.java:171)
	at org.wso2.ballerinalang.compiler.semantics.analyzer.SymbolEnter.definePackage(SymbolEnter.java:164)
	at org.wso2.ballerinalang.compiler.PackageLoader.define(PackageLoader.java:382)
	at org.wso2.ballerinalang.compiler.PackageLoader.parseAndDefine(PackageLoader.java:377)
	at org.wso2.ballerinalang.compiler.PackageLoader.loadPackageSymbol(PackageLoader.java:325)
	at org.wso2.ballerinalang.compiler.semantics.analyzer.SymbolEnter.visit(SymbolEnter.java:300)
	at org.wso2.ballerinalang.compiler.tree.BLangImportPackage.accept(BLangImportPackage.java:78)
	at org.wso2.ballerinalang.compiler.semantics.analyzer.SymbolEnter.defineNode(SymbolEnter.java:171)
	at org.wso2.ballerinalang.compiler.semantics.analyzer.SymbolEnter.lambda$visit$0(SymbolEnter.java:194)
	at java.util.ArrayList.forEach(ArrayList.java:1257)
	at org.wso2.ballerinalang.compiler.semantics.analyzer.SymbolEnter.visit(SymbolEnter.java:194)
	at org.wso2.ballerinalang.compiler.tree.BLangPackage.accept(BLangPackage.java:150)
	at org.wso2.ballerinalang.compiler.semantics.analyzer.SymbolEnter.defineNode(SymbolEnter.java:171)
	at org.wso2.ballerinalang.compiler.semantics.analyzer.SymbolEnter.definePackage(SymbolEnter.java:164)
	at org.wso2.ballerinalang.compiler.PackageLoader.define(PackageLoader.java:382)
	at org.wso2.ballerinalang.compiler.PackageLoader.parseAndDefine(PackageLoader.java:377)
	at org.wso2.ballerinalang.compiler.PackageLoader.loadPackageSymbol(PackageLoader.java:325)
	at org.wso2.ballerinalang.compiler.semantics.analyzer.SymbolEnter.visit(SymbolEnter.java:300)
	at org.wso2.ballerinalang.compiler.tree.BLangImportPackage.accept(BLangImportPackage.java:78)
	at org.wso2.ballerinalang.compiler.semantics.analyzer.SymbolEnter.defineNode(SymbolEnter.java:171)
	at org.wso2.ballerinalang.compiler.semantics.analyzer.SymbolEnter.lambda$visit$0(SymbolEnter.java:194)
	at java.util.ArrayList.forEach(ArrayList.java:1257)
	at org.wso2.ballerinalang.compiler.semantics.analyzer.SymbolEnter.visit(SymbolEnter.java:194)
	at org.wso2.ballerinalang.compiler.tree.BLangPackage.accept(BLangPackage.java:150)
	at org.wso2.ballerinalang.compiler.semantics.analyzer.SymbolEnter.defineNode(SymbolEnter.java:171)
	at org.wso2.ballerinalang.compiler.semantics.analyzer.SymbolEnter.definePackage(SymbolEnter.java:164)
	at org.wso2.ballerinalang.compiler.PackageLoader.define(PackageLoader.java:382)
	at org.wso2.ballerinalang.compiler.PackageLoader.parseAndDefine(PackageLoader.java:377)
	at org.wso2.ballerinalang.compiler.PackageLoader.loadPackageSymbol(PackageLoader.java:325)
	at org.wso2.ballerinalang.compiler.semantics.analyzer.SymbolEnter.visit(SymbolEnter.java:300)
	at org.wso2.ballerinalang.compiler.tree.BLangImportPackage.accept(BLangImportPackage.java:78)
	at org.wso2.ballerinalang.compiler.semantics.analyzer.SymbolEnter.defineNode(SymbolEnter.java:171)
	at org.wso2.ballerinalang.compiler.semantics.analyzer.SymbolEnter.lambda$visit$0(SymbolEnter.java:194)
	at java.util.ArrayList.forEach(ArrayList.java:1257)
	at org.wso2.ballerinalang.compiler.semantics.analyzer.SymbolEnter.visit(SymbolEnter.java:194)
	at org.wso2.ballerinalang.compiler.tree.BLangPackage.accept(BLangPackage.java:150)
	at org.wso2.ballerinalang.compiler.semantics.analyzer.SymbolEnter.defineNode(SymbolEnter.java:171)
	at org.wso2.ballerinalang.compiler.semantics.analyzer.SymbolEnter.definePackage(SymbolEnter.java:164)
	at org.wso2.ballerinalang.compiler.PackageLoader.define(PackageLoader.java:382)
	at org.wso2.ballerinalang.compiler.PackageLoader.parseAndDefine(PackageLoader.java:377)
	at org.wso2.ballerinalang.compiler.PackageLoader.loadPackageSymbol(PackageLoader.java:325)
	at org.wso2.ballerinalang.compiler.semantics.analyzer.SymbolEnter.visit(SymbolEnter.java:300)
	at org.wso2.ballerinalang.compiler.tree.BLangImportPackage.accept(BLangImportPackage.java:78)
	at org.wso2.ballerinalang.compiler.semantics.analyzer.SymbolEnter.defineNode(SymbolEnter.java:171)
	at org.wso2.ballerinalang.compiler.semantics.analyzer.SymbolEnter.lambda$visit$0(SymbolEnter.java:194)
	at java.util.ArrayList.forEach(ArrayList.java:1257)
	at org.wso2.ballerinalang.compiler.semantics.analyzer.SymbolEnter.visit(SymbolEnter.java:194)
	at org.wso2.ballerinalang.compiler.tree.BLangPackage.accept(BLangPackage.java:150)
	at org.wso2.ballerinalang.compiler.semantics.analyzer.SymbolEnter.defineNode(SymbolEnter.java:171)
	at org.wso2.ballerinalang.compiler.semantics.analyzer.SymbolEnter.definePackage(SymbolEnter.java:164)
	at org.wso2.ballerinalang.compiler.PackageLoader.define(PackageLoader.java:382)
	at org.wso2.ballerinalang.compiler.PackageLoader.parseAndDefine(PackageLoader.java:377)
	at org.wso2.ballerinalang.compiler.PackageLoader.loadPackageSymbol(PackageLoader.java:325)
	at org.wso2.ballerinalang.compiler.semantics.analyzer.SymbolEnter.visit(SymbolEnter.java:300)
	at org.wso2.ballerinalang.compiler.tree.BLangImportPackage.accept(BLangImportPackage.java:78)
	at org.wso2.ballerinalang.compiler.semantics.analyzer.SymbolEnter.defineNode(SymbolEnter.java:171)
	at org.wso2.ballerinalang.compiler.semantics.analyzer.SymbolEnter.lambda$visit$0(SymbolEnter.java:194)
	at java.util.ArrayList.forEach(ArrayList.java:1257)
	at org.wso2.ballerinalang.compiler.semantics.analyzer.SymbolEnter.visit(SymbolEnter.java:194)
	at org.wso2.ballerinalang.compiler.tree.BLangPackage.accept(BLangPackage.java:150)
	at org.wso2.ballerinalang.compiler.semantics.analyzer.SymbolEnter.defineNode(SymbolEnter.java:171)
	at org.wso2.ballerinalang.compiler.semantics.analyzer.SymbolEnter.definePackage(SymbolEnter.java:164)
	at org.wso2.ballerinalang.compiler.PackageLoader.define(PackageLoader.java:382)
	at org.wso2.ballerinalang.compiler.PackageLoader.parseAndDefine(PackageLoader.java:377)
	at org.wso2.ballerinalang.compiler.PackageLoader.loadPackageSymbol(PackageLoader.java:325)
	at org.wso2.ballerinalang.compiler.semantics.analyzer.SymbolEnter.visit(SymbolEnter.java:300)
	at org.wso2.ballerinalang.compiler.tree.BLangImportPackage.accept(BLangImportPackage.java:78)
	at org.wso2.ballerinalang.compiler.semantics.analyzer.SymbolEnter.defineNode(SymbolEnter.java:171)
	at org.wso2.ballerinalang.compiler.semantics.analyzer.SymbolEnter.lambda$visit$0(SymbolEnter.java:194)
	at java.util.ArrayList.forEach(ArrayList.java:1257)
	at org.wso2.ballerinalang.compiler.semantics.analyzer.SymbolEnter.visit(SymbolEnter.java:194)
	at org.wso2.ballerinalang.compiler.tree.BLangPackage.accept(BLangPackage.java:150)
	at org.wso2.ballerinalang.compiler.semantics.analyzer.SymbolEnter.defineNode(SymbolEnter.java:171)
	at org.wso2.ballerinalang.compiler.semantics.analyzer.SymbolEnter.definePackage(SymbolEnter.java:164)
	at org.wso2.ballerinalang.compiler.PackageLoader.define(PackageLoader.java:382)
	at org.wso2.ballerinalang.compiler.PackageLoader.parseAndDefine(PackageLoader.java:377)
	at org.wso2.ballerinalang.compiler.PackageLoader.loadPackageSymbol(PackageLoader.java:325)
	at org.wso2.ballerinalang.compiler.semantics.analyzer.SymbolEnter.visit(SymbolEnter.java:300)
	at org.wso2.ballerinalang.compiler.tree.BLangImportPackage.accept(BLangImportPackage.java:78)
	at org.wso2.ballerinalang.compiler.semantics.analyzer.SymbolEnter.defineNode(SymbolEnter.java:171)
	at org.wso2.ballerinalang.compiler.semantics.analyzer.SymbolEnter.lambda$visit$0(SymbolEnter.java:194)
	at java.util.ArrayList.forEach(ArrayList.java:1257)
	at org.wso2.ballerinalang.compiler.semantics.analyzer.SymbolEnter.visit(SymbolEnter.java:194)
	at org.wso2.ballerinalang.compiler.tree.BLangPackage.accept(BLangPackage.java:150)
	at org.wso2.ballerinalang.compiler.semantics.analyzer.SymbolEnter.defineNode(SymbolEnter.java:171)
	at org.wso2.ballerinalang.compiler.semantics.analyzer.SymbolEnter.definePackage(SymbolEnter.java:164)
	at org.wso2.ballerinalang.compiler.PackageLoader.define(PackageLoader.java:382)
	at org.wso2.ballerinalang.compiler.PackageLoader.parseAndDefine(PackageLoader.java:377)
	at org.wso2.ballerinalang.compiler.PackageLoader.loadPackageSymbol(PackageLoader.java:325)
	at org.wso2.ballerinalang.compiler.semantics.analyzer.SymbolEnter.visit(SymbolEnter.java:300)
	at org.wso2.ballerinalang.compiler.tree.BLangImportPackage.accept(BLangImportPackage.java:78)
	at org.wso2.ballerinalang.compiler.semantics.analyzer.SymbolEnter.defineNode(SymbolEnter.java:171)
	at org.wso2.ballerinalang.compiler.semantics.analyzer.SymbolEnter.lambda$visit$0(SymbolEnter.java:194)
	at java.util.ArrayList.forEach(ArrayList.java:1257)
	at org.wso2.ballerinalang.compiler.semantics.analyzer.SymbolEnter.visit(SymbolEnter.java:194)
	at org.wso2.ballerinalang.compiler.tree.BLangPackage.accept(BLangPackage.java:150)
	at org.wso2.ballerinalang.compiler.semantics.analyzer.SymbolEnter.defineNode(SymbolEnter.java:171)
	at org.wso2.ballerinalang.compiler.semantics.analyzer.SymbolEnter.definePackage(SymbolEnter.java:164)
	at org.wso2.ballerinalang.compiler.PackageLoader.define(PackageLoader.java:382)
	at org.wso2.ballerinalang.compiler.PackageLoader.parseAndDefine(PackageLoader.java:377)
	at org.wso2.ballerinalang.compiler.PackageLoader.loadPackageSymbol(PackageLoader.java:325)
	at org.wso2.ballerinalang.compiler.semantics.analyzer.SymbolEnter.visit(SymbolEnter.java:300)
	at org.wso2.ballerinalang.compiler.tree.BLangImportPackage.accept(BLangImportPackage.java:78)
	at org.wso2.ballerinalang.compiler.semantics.analyzer.SymbolEnter.defineNode(SymbolEnter.java:171)
	at org.wso2.ballerinalang.compiler.semantics.analyzer.SymbolEnter.lambda$visit$0(SymbolEnter.java:194)
	at java.util.ArrayList.forEach(ArrayList.java:1257)
	at org.wso2.ballerinalang.compiler.semantics.analyzer.SymbolEnter.visit(SymbolEnter.java:194)
	at org.wso2.ballerinalang.compiler.tree.BLangPackage.accept(BLangPackage.java:150)
	at org.wso2.ballerinalang.compiler.semantics.analyzer.SymbolEnter.defineNode(SymbolEnter.java:171)
	at org.wso2.ballerinalang.compiler.semantics.analyzer.SymbolEnter.definePackage(SymbolEnter.java:164)
	at org.wso2.ballerinalang.compiler.PackageLoader.define(PackageLoader.java:382)
	at org.wso2.ballerinalang.compiler.PackageLoader.parseAndDefine(PackageLoader.java:377)
	at org.wso2.ballerinalang.compiler.PackageLoader.loadPackageSymbol(PackageLoader.java:325)
	at org.wso2.ballerinalang.compiler.semantics.analyzer.SymbolEnter.visit(SymbolEnter.java:300)
	at org.wso2.ballerinalang.compiler.tree.BLangImportPackage.accept(BLangImportPackage.java:78)
	at org.wso2.ballerinalang.compiler.semantics.analyzer.SymbolEnter.defineNode(SymbolEnter.java:171)
	at org.wso2.ballerinalang.compiler.semantics.analyzer.SymbolEnter.lambda$visit$0(SymbolEnter.java:194)
	at java.util.ArrayList.forEach(ArrayList.java:1257)
	at org.wso2.ballerinalang.compiler.semantics.analyzer.SymbolEnter.visit(SymbolEnter.java:194)
	at org.wso2.ballerinalang.compiler.tree.BLangPackage.accept(BLangPackage.java:150)
	at org.wso2.ballerinalang.compiler.semantics.analyzer.SymbolEnter.defineNode(SymbolEnter.java:171)
	at org.wso2.ballerinalang.compiler.semantics.analyzer.SymbolEnter.definePackage(SymbolEnter.java:164)
	at org.wso2.ballerinalang.compiler.PackageLoader.define(PackageLoader.java:382)
	at org.wso2.ballerinalang.compiler.PackageLoader.parseAndDefine(PackageLoader.java:377)
	at org.wso2.ballerinalang.compiler.PackageLoader.loadPackageSymbol(PackageLoader.java:325)
	at org.wso2.ballerinalang.compiler.semantics.analyzer.SymbolEnter.visit(SymbolEnter.java:300)
	at org.wso2.ballerinalang.compiler.tree.BLangImportPackage.accept(BLangImportPackage.java:78)
	at org.wso2.ballerinalang.compiler.semantics.analyzer.SymbolEnter.defineNode(SymbolEnter.java:171)
	at org.wso2.ballerinalang.compiler.semantics.analyzer.SymbolEnter.lambda$visit$0(SymbolEnter.java:194)
	at java.util.ArrayList.forEach(ArrayList.java:1257)
	at org.wso2.ballerinalang.compiler.semantics.analyzer.SymbolEnter.visit(SymbolEnter.java:194)
	at org.wso2.ballerinalang.compiler.tree.BLangPackage.accept(BLangPackage.java:150)
	at org.wso2.ballerinalang.compiler.semantics.analyzer.SymbolEnter.defineNode(SymbolEnter.java:171)
	at org.wso2.ballerinalang.compiler.semantics.analyzer.SymbolEnter.definePackage(SymbolEnter.java:164)
	at org.wso2.ballerinalang.compiler.PackageLoader.define(PackageLoader.java:382)
	at org.wso2.ballerinalang.compiler.PackageLoader.parseAndDefine(PackageLoader.java:377)
	at org.wso2.ballerinalang.compiler.PackageLoader.loadPackageSymbol(PackageLoader.java:325)
	at org.wso2.ballerinalang.compiler.semantics.analyzer.SymbolEnter.visit(SymbolEnter.java:300)
	at org.wso2.ballerinalang.compiler.tree.BLangImportPackage.accept(BLangImportPackage.java:78)
	at org.wso2.ballerinalang.compiler.semantics.analyzer.SymbolEnter.defineNode(SymbolEnter.java:171)
	at org.wso2.ballerinalang.compiler.semantics.analyzer.SymbolEnter.lambda$visit$0(SymbolEnter.java:194)
	at java.util.ArrayList.forEach(ArrayList.java:1257)
	at org.wso2.ballerinalang.compiler.semantics.analyzer.SymbolEnter.visit(SymbolEnter.java:194)
	at org.wso2.ballerinalang.compiler.tree.BLangPackage.accept(BLangPackage.java:150)
	at org.wso2.ballerinalang.compiler.semantics.analyzer.SymbolEnter.defineNode(SymbolEnter.java:171)
	at org.wso2.ballerinalang.compiler.semantics.analyzer.SymbolEnter.definePackage(SymbolEnter.java:164)
	at org.wso2.ballerinalang.compiler.PackageLoader.define(PackageLoader.java:382)
	at org.wso2.ballerinalang.compiler.PackageLoader.parseAndDefine(PackageLoader.java:377)
	at org.wso2.ballerinalang.compiler.PackageLoader.loadPackageSymbol(PackageLoader.java:325)
	at org.wso2.ballerinalang.compiler.semantics.analyzer.SymbolEnter.visit(SymbolEnter.java:300)
	at org.wso2.ballerinalang.compiler.tree.BLangImportPackage.accept(BLangImportPackage.java:78)
	at org.wso2.ballerinalang.compiler.semantics.analyzer.SymbolEnter.defineNode(SymbolEnter.java:171)
	at org.wso2.ballerinalang.compiler.semantics.analyzer.SymbolEnter.lambda$visit$0(SymbolEnter.java:194)
	at java.util.ArrayList.forEach(ArrayList.java:1257)
	at org.wso2.ballerinalang.compiler.semantics.analyzer.SymbolEnter.visit(SymbolEnter.java:194)
	at org.wso2.ballerinalang.compiler.tree.BLangPackage.accept(BLangPackage.java:150)
	at org.wso2.ballerinalang.compiler.semantics.analyzer.SymbolEnter.defineNode(SymbolEnter.java:171)
	at org.wso2.ballerinalang.compiler.semantics.analyzer.SymbolEnter.definePackage(SymbolEnter.java:164)
	at org.wso2.ballerinalang.compiler.PackageLoader.define(PackageLoader.java:382)
	at org.wso2.ballerinalang.compiler.PackageLoader.parseAndDefine(PackageLoader.java:377)
	at org.wso2.ballerinalang.compiler.PackageLoader.loadPackageSymbol(PackageLoader.java:325)
	at org.wso2.ballerinalang.compiler.semantics.analyzer.SymbolEnter.visit(SymbolEnter.java:300)
	at org.wso2.ballerinalang.compiler.tree.BLangImportPackage.accept(BLangImportPackage.java:78)
	at org.wso2.ballerinalang.compiler.semantics.analyzer.SymbolEnter.defineNode(SymbolEnter.java:171)
	at org.wso2.ballerinalang.compiler.semantics.analyzer.SymbolEnter.lambda$visit$0(SymbolEnter.java:194)
	at java.util.ArrayList.forEach(ArrayList.java:1257)
	at org.wso2.ballerinalang.compiler.semantics.analyzer.SymbolEnter.visit(SymbolEnter.java:194)
	at org.wso2.ballerinalang.compiler.tree.BLangPackage.accept(BLangPackage.java:150)
	at org.wso2.ballerinalang.compiler.semantics.analyzer.SymbolEnter.defineNode(SymbolEnter.java:171)
	at org.wso2.ballerinalang.compiler.semantics.analyzer.SymbolEnter.definePackage(SymbolEnter.java:164)
	at org.wso2.ballerinalang.compiler.PackageLoader.define(PackageLoader.java:382)
	at org.wso2.ballerinalang.compiler.PackageLoader.parseAndDefine(PackageLoader.java:377)
	at org.wso2.ballerinalang.compiler.PackageLoader.loadPackageSymbol(PackageLoader.java:325)
	at org.wso2.ballerinalang.compiler.semantics.analyzer.SymbolEnter.visit(SymbolEnter.java:300)
	at org.wso2.ballerinalang.compiler.tree.BLangImportPackage.accept(BLangImportPackage.java:78)
	at org.wso2.ballerinalang.compiler.semantics.analyzer.SymbolEnter.defineNode(SymbolEnter.java:171)
	at org.wso2.ballerinalang.compiler.semantics.analyzer.SymbolEnter.lambda$visit$0(SymbolEnter.java:194)
	at java.util.ArrayList.forEach(ArrayList.java:1257)
	at org.wso2.ballerinalang.compiler.semantics.analyzer.SymbolEnter.visit(SymbolEnter.java:194)
	at org.wso2.ballerinalang.compiler.tree.BLangPackage.accept(BLangPackage.java:150)
	at org.wso2.ballerinalang.compiler.semantics.analyzer.SymbolEnter.defineNode(SymbolEnter.java:171)
	at org.wso2.ballerinalang.compiler.semantics.analyzer.SymbolEnter.definePackage(SymbolEnter.java:164)
	at org.wso2.ballerinalang.compiler.PackageLoader.define(PackageLoader.java:382)
	at org.wso2.ballerinalang.compiler.PackageLoader.parseAndDefine(PackageLoader.java:377)
	at org.wso2.ballerinalang.compiler.PackageLoader.loadPackageSymbol(PackageLoader.java:325)
	at org.wso2.ballerinalang.compiler.semantics.analyzer.SymbolEnter.visit(SymbolEnter.java:300)
	at org.wso2.ballerinalang.compiler.tree.BLangImportPackage.accept(BLangImportPackage.java:78)
	at org.wso2.ballerinalang.compiler.semantics.analyzer.SymbolEnter.defineNode(SymbolEnter.java:171)
	at org.wso2.ballerinalang.compiler.semantics.analyzer.SymbolEnter.lambda$visit$0(SymbolEnter.java:194)
	at java.util.ArrayList.forEach(ArrayList.java:1257)
	at org.wso2.ballerinalang.compiler.semantics.analyzer.SymbolEnter.visit(SymbolEnter.java:194)
	at org.wso2.ballerinalang.compiler.tree.BLangPackage.accept(BLangPackage.java:150)
	at org.wso2.ballerinalang.compiler.semantics.analyzer.SymbolEnter.defineNode(SymbolEnter.java:171)
	at org.wso2.ballerinalang.compiler.semantics.analyzer.SymbolEnter.definePackage(SymbolEnter.java:164)
	at org.wso2.ballerinalang.compiler.PackageLoader.define(PackageLoader.java:382)
	at org.wso2.ballerinalang.compiler.PackageLoader.parseAndDefine(PackageLoader.java:377)
	at org.wso2.ballerinalang.compiler.PackageLoader.loadPackageSymbol(PackageLoader.java:325)
	at org.wso2.ballerinalang.compiler.semantics.analyzer.SymbolEnter.visit(SymbolEnter.java:300)
	at org.wso2.ballerinalang.compiler.tree.BLangImportPackage.accept(BLangImportPackage.java:78)
	at org.wso2.ballerinalang.compiler.semantics.analyzer.SymbolEnter.defineNode(SymbolEnter.java:171)
	at org.wso2.ballerinalang.compiler.semantics.analyzer.SymbolEnter.lambda$visit$0(SymbolEnter.java:194)
	at java.util.ArrayList.forEach(ArrayList.java:1257)
	at org.wso2.ballerinalang.compiler.semantics.analyzer.SymbolEnter.visit(SymbolEnter.java:194)
	at org.wso2.ballerinalang.compiler.tree.BLangPackage.accept(BLangPackage.java:150)
	at org.wso2.ballerinalang.compiler.semantics.analyzer.SymbolEnter.defineNode(SymbolEnter.java:171)
	at org.wso2.ballerinalang.compiler.semantics.analyzer.SymbolEnter.definePackage(SymbolEnter.java:164)
	at org.wso2.ballerinalang.compiler.PackageLoader.define(PackageLoader.java:382)
	at org.wso2.ballerinalang.compiler.PackageLoader.parseAndDefine(PackageLoader.java:377)
	at org.wso2.ballerinalang.compiler.PackageLoader.loadPackageSymbol(PackageLoader.java:325)
	at org.wso2.ballerinalang.compiler.semantics.analyzer.SymbolEnter.visit(SymbolEnter.java:300)
	at org.wso2.ballerinalang.compiler.tree.BLangImportPackage.accept(BLangImportPackage.java:78)
	at org.wso2.ballerinalang.compiler.semantics.analyzer.SymbolEnter.defineNode(SymbolEnter.java:171)
	at org.wso2.ballerinalang.compiler.semantics.analyzer.SymbolEnter.lambda$visit$0(SymbolEnter.java:194)
	at java.util.ArrayList.forEach(ArrayList.java:1257)
	at org.wso2.ballerinalang.compiler.semantics.analyzer.SymbolEnter.visit(SymbolEnter.java:194)
	at org.wso2.ballerinalang.compiler.tree.BLangPackage.accept(BLangPackage.java:150)
	at org.wso2.ballerinalang.compiler.semantics.analyzer.SymbolEnter.defineNode(SymbolEnter.java:171)
	at org.wso2.ballerinalang.compiler.semantics.analyzer.SymbolEnter.definePackage(SymbolEnter.java:164)
	at org.wso2.ballerinalang.compiler.PackageLoader.define(PackageLoader.java:382)
	at org.wso2.ballerinalang.compiler.PackageLoader.parseAndDefine(PackageLoader.java:377)
	at org.wso2.ballerinalang.compiler.PackageLoader.loadPackageSymbol(PackageLoader.java:325)
	at org.wso2.ballerinalang.compiler.semantics.analyzer.SymbolEnter.visit(SymbolEnter.java:300)
	at org.wso2.ballerinalang.compiler.tree.BLangImportPackage.accept(BLangImportPackage.java:78)
	at org.wso2.ballerinalang.compiler.semantics.analyzer.SymbolEnter.defineNode(SymbolEnter.java:171)
	at org.wso2.ballerinalang.compiler.semantics.analyzer.SymbolEnter.lambda$visit$0(SymbolEnter.java:194)
	at java.util.ArrayList.forEach(ArrayList.java:1257)
	at org.wso2.ballerinalang.compiler.semantics.analyzer.SymbolEnter.visit(SymbolEnter.java:194)
	at org.wso2.ballerinalang.compiler.tree.BLangPackage.accept(BLangPackage.java:150)
	at org.wso2.ballerinalang.compiler.semantics.analyzer.SymbolEnter.defineNode(SymbolEnter.java:171)
	at org.wso2.ballerinalang.compiler.semantics.analyzer.SymbolEnter.definePackage(SymbolEnter.java:164)
	at org.wso2.ballerinalang.compiler.PackageLoader.define(PackageLoader.java:382)
	at org.wso2.ballerinalang.compiler.PackageLoader.parseAndDefine(PackageLoader.java:377)
	at org.wso2.ballerinalang.compiler.PackageLoader.loadPackageSymbol(PackageLoader.java:325)
	at org.wso2.ballerinalang.compiler.semantics.analyzer.SymbolEnter.visit(SymbolEnter.java:300)
	at org.wso2.ballerinalang.compiler.tree.BLangImportPackage.accept(BLangImportPackage.java:78)
	at org.wso2.ballerinalang.compiler.semantics.analyzer.SymbolEnter.defineNode(SymbolEnter.java:171)
	at org.wso2.ballerinalang.compiler.semantics.analyzer.SymbolEnter.lambda$visit$0(SymbolEnter.java:194)
	at java.util.ArrayList.forEach(ArrayList.java:1257)
	at org.wso2.ballerinalang.compiler.semantics.analyzer.SymbolEnter.visit(SymbolEnter.java:194)
	at org.wso2.ballerinalang.compiler.tree.BLangPackage.accept(BLangPackage.java:150)
	at org.wso2.ballerinalang.compiler.semantics.analyzer.SymbolEnter.defineNode(SymbolEnter.java:171)
	at org.wso2.ballerinalang.compiler.semantics.analyzer.SymbolEnter.definePackage(SymbolEnter.java:164)
	at org.wso2.ballerinalang.compiler.PackageLoader.define(PackageLoader.java:382)
	at org.wso2.ballerinalang.compiler.PackageLoader.parseAndDefine(PackageLoader.java:377)
	at org.wso2.ballerinalang.compiler.PackageLoader.loadPackageSymbol(PackageLoader.java:325)
	at org.wso2.ballerinalang.compiler.semantics.analyzer.SymbolEnter.visit(SymbolEnter.java:300)
	at org.wso2.ballerinalang.compiler.tree.BLangImportPackage.accept(BLangImportPackage.java:78)
	at org.wso2.ballerinalang.compiler.semantics.analyzer.SymbolEnter.defineNode(SymbolEnter.java:171)
	at org.wso2.ballerinalang.compiler.semantics.analyzer.SymbolEnter.lambda$visit$0(SymbolEnter.java:194)
	at java.util.ArrayList.forEach(ArrayList.java:1257)
	at org.wso2.ballerinalang.compiler.semantics.analyzer.SymbolEnter.visit(SymbolEnter.java:194)
	at org.wso2.ballerinalang.compiler.tree.BLangPackage.accept(BLangPackage.java:150)
	at org.wso2.ballerinalang.compiler.semantics.analyzer.SymbolEnter.defineNode(SymbolEnter.java:171)
	at org.wso2.ballerinalang.compiler.semantics.analyzer.SymbolEnter.definePackage(SymbolEnter.java:164)
	at org.wso2.ballerinalang.compiler.PackageLoader.define(PackageLoader.java:382)
	at org.wso2.ballerinalang.compiler.PackageLoader.parseAndDefine(PackageLoader.java:377)
	at org.wso2.ballerinalang.compiler.PackageLoader.loadPackageSymbol(PackageLoader.java:325)
	at org.wso2.ballerinalang.compiler.semantics.analyzer.SymbolEnter.visit(SymbolEnter.java:300)
	at org.wso2.ballerinalang.compiler.tree.BLangImportPackage.accept(BLangImportPackage.java:78)
	at org.wso2.ballerinalang.compiler.semantics.analyzer.SymbolEnter.defineNode(SymbolEnter.java:171)
	at org.wso2.ballerinalang.compiler.semantics.analyzer.SymbolEnter.lambda$visit$0(SymbolEnter.java:194)
	at java.util.ArrayList.forEach(ArrayList.java:1257)
	at org.wso2.ballerinalang.compiler.semantics.analyzer.SymbolEnter.visit(SymbolEnter.java:194)
	at org.wso2.ballerinalang.compiler.tree.BLangPackage.accept(BLangPackage.java:150)
	at org.wso2.ballerinalang.compiler.semantics.analyzer.SymbolEnter.defineNode(SymbolEnter.java:171)
	at org.wso2.ballerinalang.compiler.semantics.analyzer.SymbolEnter.definePackage(SymbolEnter.java:164)
	at org.wso2.ballerinalang.compiler.PackageLoader.define(PackageLoader.java:382)
	at org.wso2.ballerinalang.compiler.PackageLoader.parseAndDefine(PackageLoader.java:377)
	at org.wso2.ballerinalang.compiler.PackageLoader.loadPackageSymbol(PackageLoader.java:325)
	at org.wso2.ballerinalang.compiler.semantics.analyzer.SymbolEnter.visit(SymbolEnter.java:300)
	at org.wso2.ballerinalang.compiler.tree.BLangImportPackage.accept(BLangImportPackage.java:78)
	at org.wso2.ballerinalang.compiler.semantics.analyzer.SymbolEnter.defineNode(SymbolEnter.java:171)
	at org.wso2.ballerinalang.compiler.semantics.analyzer.SymbolEnter.lambda$visit$0(SymbolEnter.java:194)
	at java.util.ArrayList.forEach(ArrayList.java:1257)
	at org.wso2.ballerinalang.compiler.semantics.analyzer.SymbolEnter.visit(SymbolEnter.java:194)
	at org.wso2.ballerinalang.compiler.tree.BLangPackage.accept(BLangPackage.java:150)
	at org.wso2.ballerinalang.compiler.semantics.analyzer.SymbolEnter.defineNode(SymbolEnter.java:171)
	at org.wso2.ballerinalang.compiler.semantics.analyzer.SymbolEnter.definePackage(SymbolEnter.java:164)
	at org.wso2.ballerinalang.compiler.PackageLoader.define(PackageLoader.java:382)
	at org.wso2.ballerinalang.compiler.PackageLoader.parseAndDefine(PackageLoader.java:377)
	at org.wso2.ballerinalang.compiler.PackageLoader.loadPackageSymbol(PackageLoader.java:325)
	at org.wso2.ballerinalang.compiler.semantics.analyzer.SymbolEnter.visit(SymbolEnter.java:300)
	at org.wso2.ballerinalang.compiler.tree.BLangImportPackage.accept(BLangImportPackage.java:78)
	at org.wso2.ballerinalang.compiler.semantics.analyzer.SymbolEnter.defineNode(SymbolEnter.java:171)
	at org.wso2.ballerinalang.compiler.semantics.analyzer.SymbolEnter.lambda$visit$0(SymbolEnter.java:194)
	at java.util.ArrayList.forEach(ArrayList.java:1257)
	at org.wso2.ballerinalang.compiler.semantics.analyzer.SymbolEnter.visit(SymbolEnter.java:194)
	at org.wso2.ballerinalang.compiler.tree.BLangPackage.accept(BLangPackage.java:150)
	at org.wso2.ballerinalang.compiler.semantics.analyzer.SymbolEnter.defineNode(SymbolEnter.java:171)
	at org.wso2.ballerinalang.compiler.semantics.analyzer.SymbolEnter.definePackage(SymbolEnter.java:164)
	at org.wso2.ballerinalang.compiler.PackageLoader.define(PackageLoader.java:382)
	at org.wso2.ballerinalang.compiler.PackageLoader.parseAndDefine(PackageLoader.java:377)
	at org.wso2.ballerinalang.compiler.PackageLoader.loadPackageSymbol(PackageLoader.java:325)
	at org.wso2.ballerinalang.compiler.semantics.analyzer.SymbolEnter.visit(SymbolEnter.java:300)
	at org.wso2.ballerinalang.compiler.tree.BLangImportPackage.accept(BLangImportPackage.java:78)
	at org.wso2.ballerinalang.compiler.semantics.analyzer.SymbolEnter.defineNode(SymbolEnter.java:171)
	at org.wso2.ballerinalang.compiler.semantics.analyzer.SymbolEnter.lambda$visit$0(SymbolEnter.java:194)
	at java.util.ArrayList.forEach(ArrayList.java:1257)
	at org.wso2.ballerinalang.compiler.semantics.analyzer.SymbolEnter.visit(SymbolEnter.java:194)
	at org.wso2.ballerinalang.compiler.tree.BLangPackage.accept(BLangPackage.java:150)
	at org.wso2.ballerinalang.compiler.semantics.analyzer.SymbolEnter.defineNode(SymbolEnter.java:171)
	at org.wso2.ballerinalang.compiler.semantics.analyzer.SymbolEnter.definePackage(SymbolEnter.java:164)
	at org.wso2.ballerinalang.compiler.PackageLoader.define(PackageLoader.java:382)
	at org.wso2.ballerinalang.compiler.PackageLoader.parseAndDefine(PackageLoader.java:377)
	at org.wso2.ballerinalang.compiler.PackageLoader.loadPackageSymbol(PackageLoader.java:325)
	at org.wso2.ballerinalang.compiler.semantics.analyzer.SymbolEnter.visit(SymbolEnter.java:300)
	at org.wso2.ballerinalang.compiler.tree.BLangImportPackage.accept(BLangImportPackage.java:78)
	at org.wso2.ballerinalang.compiler.semantics.analyzer.SymbolEnter.defineNode(SymbolEnter.java:171)
	at org.wso2.ballerinalang.compiler.semantics.analyzer.SymbolEnter.lambda$visit$0(SymbolEnter.java:194)
	at java.util.ArrayList.forEach(ArrayList.java:1257)
	at org.wso2.ballerinalang.compiler.semantics.analyzer.SymbolEnter.visit(SymbolEnter.java:194)
	at org.wso2.ballerinalang.compiler.tree.BLangPackage.accept(BLangPackage.java:150)
	at org.wso2.ballerinalang.compiler.semantics.analyzer.SymbolEnter.defineNode(SymbolEnter.java:171)
	at org.wso2.ballerinalang.compiler.semantics.analyzer.SymbolEnter.definePackage(SymbolEnter.java:164)
	at org.wso2.ballerinalang.compiler.PackageLoader.define(PackageLoader.java:382)
	at org.wso2.ballerinalang.compiler.PackageLoader.parseAndDefine(PackageLoader.java:377)
	at org.wso2.ballerinalang.compiler.PackageLoader.loadPackageSymbol(PackageLoader.java:325)
	at org.wso2.ballerinalang.compiler.semantics.analyzer.SymbolEnter.visit(SymbolEnter.java:300)
	at org.wso2.ballerinalang.compiler.tree.BLangImportPackage.accept(BLangImportPackage.java:78)
	at org.wso2.ballerinalang.compiler.semantics.analyzer.SymbolEnter.defineNode(SymbolEnter.java:171)
	at org.wso2.ballerinalang.compiler.semantics.analyzer.SymbolEnter.lambda$visit$0(SymbolEnter.java:194)
	at java.util.ArrayList.forEach(ArrayList.java:1257)
	at org.wso2.ballerinalang.compiler.semantics.analyzer.SymbolEnter.visit(SymbolEnter.java:194)
	at org.wso2.ballerinalang.compiler.tree.BLangPackage.accept(BLangPackage.java:150)
	at org.wso2.ballerinalang.compiler.semantics.analyzer.SymbolEnter.defineNode(SymbolEnter.java:171)
	at org.wso2.ballerinalang.compiler.semantics.analyzer.SymbolEnter.definePackage(SymbolEnter.java:164)
	at org.wso2.ballerinalang.compiler.PackageLoader.define(PackageLoader.java:382)
	at org.wso2.ballerinalang.compiler.PackageLoader.parseAndDefine(PackageLoader.java:377)
	at org.wso2.ballerinalang.compiler.PackageLoader.loadPackageSymbol(PackageLoader.java:325)
	at org.wso2.ballerinalang.compiler.semantics.analyzer.SymbolEnter.visit(SymbolEnter.java:300)
	at org.wso2.ballerinalang.compiler.tree.BLangImportPackage.accept(BLangImportPackage.java:78)
	at org.wso2.ballerinalang.compiler.semantics.analyzer.SymbolEnter.defineNode(SymbolEnter.java:171)
	at org.wso2.ballerinalang.compiler.semantics.analyzer.SymbolEnter.lambda$visit$0(SymbolEnter.java:194)
	at java.util.ArrayList.forEach(ArrayList.java:1257)
	at org.wso2.ballerinalang.compiler.semantics.analyzer.SymbolEnter.visit(SymbolEnter.java:194)
	at org.wso2.ballerinalang.compiler.tree.BLangPackage.accept(BLangPackage.java:150)
	at org.wso2.ballerinalang.compiler.semantics.analyzer.SymbolEnter.defineNode(SymbolEnter.java:171)
	at org.wso2.ballerinalang.compiler.semantics.analyzer.SymbolEnter.definePackage(SymbolEnter.java:164)
	at org.wso2.ballerinalang.compiler.PackageLoader.define(PackageLoader.java:382)
	at org.wso2.ballerinalang.compiler.PackageLoader.parseAndDefine(PackageLoader.java:377)
	at org.wso2.ballerinalang.compiler.PackageLoader.loadPackageSymbol(PackageLoader.java:325)
	at org.wso2.ballerinalang.compiler.semantics.analyzer.SymbolEnter.visit(SymbolEnter.java:300)
	at org.wso2.ballerinalang.compiler.tree.BLangImportPackage.accept(BLangImportPackage.java:78)
	at org.wso2.ballerinalang.compiler.semantics.analyzer.SymbolEnter.defineNode(SymbolEnter.java:171)
	at org.wso2.ballerinalang.compiler.semantics.analyzer.SymbolEnter.lambda$visit$0(SymbolEnter.java:194)
	at java.util.ArrayList.forEach(ArrayList.java:1257)
	at org.wso2.ballerinalang.compiler.semantics.analyzer.SymbolEnter.visit(SymbolEnter.java:194)
	at org.wso2.ballerinalang.compiler.tree.BLangPackage.accept(BLangPackage.java:150)
	at org.wso2.ballerinalang.compiler.semantics.analyzer.SymbolEnter.defineNode(SymbolEnter.java:171)
	at org.wso2.ballerinalang.compiler.semantics.analyzer.SymbolEnter.definePackage(SymbolEnter.java:164)
	at org.wso2.ballerinalang.compiler.PackageLoader.define(PackageLoader.java:382)
	at org.wso2.ballerinalang.compiler.PackageLoader.parseAndDefine(PackageLoader.java:377)
	at org.wso2.ballerinalang.compiler.PackageLoader.loadPackageSymbol(PackageLoader.java:325)
	at org.wso2.ballerinalang.compiler.semantics.analyzer.SymbolEnter.visit(SymbolEnter.java:300)
	at org.wso2.ballerinalang.compiler.tree.BLangImportPackage.accept(BLangImportPackage.java:78)
	at org.wso2.ballerinalang.compiler.semantics.analyzer.SymbolEnter.defineNode(SymbolEnter.java:171)
	at org.wso2.ballerinalang.compiler.semantics.analyzer.SymbolEnter.lambda$visit$0(SymbolEnter.java:194)
	at java.util.ArrayList.forEach(ArrayList.java:1257)
	at org.wso2.ballerinalang.compiler.semantics.analyzer.SymbolEnter.visit(SymbolEnter.java:194)
	at org.wso2.ballerinalang.compiler.tree.BLangPackage.accept(BLangPackage.java:150)
	at org.wso2.ballerinalang.compiler.semantics.analyzer.SymbolEnter.defineNode(SymbolEnter.java:171)
	at org.wso2.ballerinalang.compiler.semantics.analyzer.SymbolEnter.definePackage(SymbolEnter.java:164)
	at org.wso2.ballerinalang.compiler.PackageLoader.define(PackageLoader.java:382)
	at org.wso2.ballerinalang.compiler.PackageLoader.parseAndDefine(PackageLoader.java:377)
	at org.wso2.ballerinalang.compiler.PackageLoader.loadPackageSymbol(PackageLoader.java:325)
	at org.wso2.ballerinalang.compiler.semantics.analyzer.SymbolEnter.visit(SymbolEnter.java:300)
	at org.wso2.ballerinalang.compiler.tree.BLangImportPackage.accept(BLangImportPackage.java:78)
	at org.wso2.ballerinalang.compiler.semantics.analyzer.SymbolEnter.defineNode(SymbolEnter.java:171)
	at org.wso2.ballerinalang.compiler.semantics.analyzer.SymbolEnter.lambda$visit$0(SymbolEnter.java:194)
	at java.util.ArrayList.forEach(ArrayList.java:1257)
	at org.wso2.ballerinalang.compiler.semantics.analyzer.SymbolEnter.visit(SymbolEnter.java:194)
	at org.wso2.ballerinalang.compiler.tree.BLangPackage.accept(BLangPackage.java:150)
	at org.wso2.ballerinalang.compiler.semantics.analyzer.SymbolEnter.defineNode(SymbolEnter.java:171)
	at org.wso2.ballerinalang.compiler.semantics.analyzer.SymbolEnter.definePackage(SymbolEnter.java:164)
	at org.wso2.ballerinalang.compiler.PackageLoader.define(PackageLoader.java:382)
	at org.wso2.ballerinalang.compiler.PackageLoader.parseAndDefine(PackageLoader.java:377)
	at org.wso2.ballerinalang.compiler.PackageLoader.loadPackageSymbol(PackageLoader.java:325)
	at org.wso2.ballerinalang.compiler.semantics.analyzer.SymbolEnter.visit(SymbolEnter.java:300)
	at org.wso2.ballerinalang.compiler.tree.BLangImportPackage.accept(BLangImportPackage.java:78)
	at org.wso2.ballerinalang.compiler.semantics.analyzer.SymbolEnter.defineNode(SymbolEnter.java:171)
	at org.wso2.ballerinalang.compiler.semantics.analyzer.SymbolEnter.lambda$visit$0(SymbolEnter.java:194)
	at java.util.ArrayList.forEach(ArrayList.java:1257)
	at org.wso2.ballerinalang.compiler.semantics.analyzer.SymbolEnter.visit(SymbolEnter.java:194)
	at org.wso2.ballerinalang.compiler.tree.BLangPackage.accept(BLangPackage.java:150)
	at org.wso2.ballerinalang.compiler.semantics.analyzer.SymbolEnter.defineNode(SymbolEnter.java:171)
	at org.wso2.ballerinalang.compiler.semantics.analyzer.SymbolEnter.definePackage(SymbolEnter.java:164)
	at org.wso2.ballerinalang.compiler.PackageLoader.define(PackageLoader.java:382)
	at org.wso2.ballerinalang.compiler.PackageLoader.parseAndDefine(PackageLoader.java:377)
	at org.wso2.ballerinalang.compiler.PackageLoader.loadPackageSymbol(PackageLoader.java:325)
	at org.wso2.ballerinalang.compiler.semantics.analyzer.SymbolEnter.visit(SymbolEnter.java:300)
	at org.wso2.ballerinalang.compiler.tree.BLangImportPackage.accept(BLangImportPackage.java:78)
	at org.wso2.ballerinalang.compiler.semantics.analyzer.SymbolEnter.defineNode(SymbolEnter.java:171)
	at org.wso2.ballerinalang.compiler.semantics.analyzer.SymbolEnter.lambda$visit$0(SymbolEnter.java:194)
	at java.util.ArrayList.forEach(ArrayList.java:1257)
	at org.wso2.ballerinalang.compiler.semantics.analyzer.SymbolEnter.visit(SymbolEnter.java:194)
	at org.wso2.ballerinalang.compiler.tree.BLangPackage.accept(BLangPackage.java:150)
	at org.wso2.ballerinalang.compiler.semantics.analyzer.SymbolEnter.defineNode(SymbolEnter.java:171)
	at org.wso2.ballerinalang.compiler.semantics.analyzer.SymbolEnter.definePackage(SymbolEnter.java:164)
	at org.wso2.ballerinalang.compiler.PackageLoader.define(PackageLoader.java:382)
	at org.wso2.ballerinalang.compiler.PackageLoader.parseAndDefine(PackageLoader.java:377)
	at org.wso2.ballerinalang.compiler.PackageLoader.loadPackageSymbol(PackageLoader.java:325)
	at org.wso2.ballerinalang.compiler.semantics.analyzer.SymbolEnter.visit(SymbolEnter.java:300)
	at org.wso2.ballerinalang.compiler.tree.BLangImportPackage.accept(BLangImportPackage.java:78)
	at org.wso2.ballerinalang.compiler.semantics.analyzer.SymbolEnter.defineNode(SymbolEnter.java:171)
	at org.wso2.ballerinalang.compiler.semantics.analyzer.SymbolEnter.lambda$visit$0(SymbolEnter.java:194)
	at java.util.ArrayList.forEach(ArrayList.java:1257)
	at org.wso2.ballerinalang.compiler.semantics.analyzer.SymbolEnter.visit(SymbolEnter.java:194)
	at org.wso2.ballerinalang.compiler.tree.BLangPackage.accept(BLangPackage.java:150)
	at org.wso2.ballerinalang.compiler.semantics.analyzer.SymbolEnter.defineNode(SymbolEnter.java:171)
	at org.wso2.ballerinalang.compiler.semantics.analyzer.SymbolEnter.definePackage(SymbolEnter.java:164)
	at org.wso2.ballerinalang.compiler.PackageLoader.define(PackageLoader.java:382)
	at org.wso2.ballerinalang.compiler.PackageLoader.parseAndDefine(PackageLoader.java:377)
	at org.wso2.ballerinalang.compiler.PackageLoader.loadPackageSymbol(PackageLoader.java:325)
	at org.wso2.ballerinalang.compiler.semantics.analyzer.SymbolEnter.visit(SymbolEnter.java:300)
	at org.wso2.ballerinalang.compiler.tree.BLangImportPackage.accept(BLangImportPackage.java:78)
	at org.wso2.ballerinalang.compiler.semantics.analyzer.SymbolEnter.defineNode(SymbolEnter.java:171)
	at org.wso2.ballerinalang.compiler.semantics.analyzer.SymbolEnter.lambda$visit$0(SymbolEnter.java:194)
	at java.util.ArrayList.forEach(ArrayList.java:1257)
	at org.wso2.ballerinalang.compiler.semantics.analyzer.SymbolEnter.visit(SymbolEnter.java:194)
	at org.wso2.ballerinalang.compiler.tree.BLangPackage.accept(BLangPackage.java:150)
	at org.wso2.ballerinalang.compiler.semantics.analyzer.SymbolEnter.defineNode(SymbolEnter.java:171)
	at org.wso2.ballerinalang.compiler.semantics.analyzer.SymbolEnter.definePackage(SymbolEnter.java:164)
	at org.wso2.ballerinalang.compiler.PackageLoader.define(PackageLoader.java:382)
	at org.wso2.ballerinalang.compiler.PackageLoader.parseAndDefine(PackageLoader.java:377)
	at org.wso2.ballerinalang.compiler.PackageLoader.loadPackageSymbol(PackageLoader.java:325)
	at org.wso2.ballerinalang.compiler.semantics.analyzer.SymbolEnter.visit(SymbolEnter.java:300)
	at org.wso2.ballerinalang.compiler.tree.BLangImportPackage.accept(BLangImportPackage.java:78)
	at org.wso2.ballerinalang.compiler.semantics.analyzer.SymbolEnter.defineNode(SymbolEnter.java:171)
	at org.wso2.ballerinalang.compiler.semantics.analyzer.SymbolEnter.lambda$visit$0(SymbolEnter.java:194)
	at java.util.ArrayList.forEach(ArrayList.java:1257)
	at org.wso2.ballerinalang.compiler.semantics.analyzer.SymbolEnter.visit(SymbolEnter.java:194)
	at org.wso2.ballerinalang.compiler.tree.BLangPackage.accept(BLangPackage.java:150)
	at org.wso2.ballerinalang.compiler.semantics.analyzer.SymbolEnter.defineNode(SymbolEnter.java:171)
	at org.wso2.ballerinalang.compiler.semantics.analyzer.SymbolEnter.definePackage(SymbolEnter.java:164)
	at org.wso2.ballerinalang.compiler.PackageLoader.define(PackageLoader.java:382)
	at org.wso2.ballerinalang.compiler.PackageLoader.parseAndDefine(PackageLoader.java:377)
	at org.wso2.ballerinalang.compiler.PackageLoader.loadPackageSymbol(PackageLoader.java:325)
	at org.wso2.ballerinalang.compiler.semantics.analyzer.SymbolEnter.visit(SymbolEnter.java:300)
	at org.wso2.ballerinalang.compiler.tree.BLangImportPackage.accept(BLangImportPackage.java:78)
	at org.wso2.ballerinalang.compiler.semantics.analyzer.SymbolEnter.defineNode(SymbolEnter.java:171)
	at org.wso2.ballerinalang.compiler.semantics.analyzer.SymbolEnter.lambda$visit$0(SymbolEnter.java:194)
	at java.util.ArrayList.forEach(ArrayList.java:1257)
	at org.wso2.ballerinalang.compiler.semantics.analyzer.SymbolEnter.visit(SymbolEnter.java:194)
	at org.wso2.ballerinalang.compiler.tree.BLangPackage.accept(BLangPackage.java:150)
	at org.wso2.ballerinalang.compiler.semantics.analyzer.SymbolEnter.defineNode(SymbolEnter.java:171)
	at org.wso2.ballerinalang.compiler.semantics.analyzer.SymbolEnter.definePackage(SymbolEnter.java:164)
	at org.wso2.ballerinalang.compiler.PackageLoader.define(PackageLoader.java:382)
	at org.wso2.ballerinalang.compiler.PackageLoader.parseAndDefine(PackageLoader.java:377)
	at org.wso2.ballerinalang.compiler.PackageLoader.loadPackageSymbol(PackageLoader.java:325)
	at org.wso2.ballerinalang.compiler.semantics.analyzer.SymbolEnter.visit(SymbolEnter.java:300)
	at org.wso2.ballerinalang.compiler.tree.BLangImportPackage.accept(BLangImportPackage.java:78)
	at org.wso2.ballerinalang.compiler.semantics.analyzer.SymbolEnter.defineNode(SymbolEnter.java:171)
	at org.wso2.ballerinalang.compiler.semantics.analyzer.SymbolEnter.lambda$visit$0(SymbolEnter.java:194)
	at java.util.ArrayList.forEach(ArrayList.java:1257)
	at org.wso2.ballerinalang.compiler.semantics.analyzer.SymbolEnter.visit(SymbolEnter.java:194)
	at org.wso2.ballerinalang.compiler.tree.BLangPackage.accept(BLangPackage.java:150)
	at org.wso2.ballerinalang.compiler.semantics.analyzer.SymbolEnter.defineNode(SymbolEnter.java:171)
	at org.wso2.ballerinalang.compiler.semantics.analyzer.SymbolEnter.definePackage(SymbolEnter.java:164)
	at org.wso2.ballerinalang.compiler.PackageLoader.define(PackageLoader.java:382)
	at org.wso2.ballerinalang.compiler.PackageLoader.parseAndDefine(PackageLoader.java:377)
	at org.wso2.ballerinalang.compiler.PackageLoader.loadPackageSymbol(PackageLoader.java:325)
	at org.wso2.ballerinalang.compiler.semantics.analyzer.SymbolEnter.visit(SymbolEnter.java:300)
	at org.wso2.ballerinalang.compiler.tree.BLangImportPackage.accept(BLangImportPackage.java:78)
	at org.wso2.ballerinalang.compiler.semantics.analyzer.SymbolEnter.defineNode(SymbolEnter.java:171)
	at org.wso2.ballerinalang.compiler.semantics.analyzer.SymbolEnter.lambda$visit$0(SymbolEnter.java:194)
	at java.util.ArrayList.forEach(ArrayList.java:1257)
	at org.wso2.ballerinalang.compiler.semantics.analyzer.SymbolEnter.visit(SymbolEnter.java:194)
	at org.wso2.ballerinalang.compiler.tree.BLangPackage.accept(BLangPackage.java:150)
	at org.wso2.ballerinalang.compiler.semantics.analyzer.SymbolEnter.defineNode(SymbolEnter.java:171)
	at org.wso2.ballerinalang.compiler.semantics.analyzer.SymbolEnter.definePackage(SymbolEnter.java:164)
	at org.wso2.ballerinalang.compiler.PackageLoader.define(PackageLoader.java:382)
	at org.wso2.ballerinalang.compiler.PackageLoader.parseAndDefine(PackageLoader.java:377)
	at org.wso2.ballerinalang.compiler.PackageLoader.loadPackageSymbol(PackageLoader.java:325)
	at org.wso2.ballerinalang.compiler.semantics.analyzer.SymbolEnter.visit(SymbolEnter.java:300)
	at org.wso2.ballerinalang.compiler.tree.BLangImportPackage.accept(BLangImportPackage.java:78)
	at org.wso2.ballerinalang.compiler.semantics.analyzer.SymbolEnter.defineNode(SymbolEnter.java:171)
	at org.wso2.ballerinalang.compiler.semantics.analyzer.SymbolEnter.lambda$visit$0(SymbolEnter.java:194)
	at java.util.ArrayList.forEach(ArrayList.java:1257)
	at org.wso2.ballerinalang.compiler.semantics.analyzer.SymbolEnter.visit(SymbolEnter.java:194)
	at org.wso2.ballerinalang.compiler.tree.BLangPackage.accept(BLangPackage.java:150)
	at org.wso2.ballerinalang.compiler.semantics.analyzer.SymbolEnter.defineNode(SymbolEnter.java:171)
	at org.wso2.ballerinalang.compiler.semantics.analyzer.SymbolEnter.definePackage(SymbolEnter.java:164)
	at org.wso2.ballerinalang.compiler.PackageLoader.define(PackageLoader.java:382)
	at org.wso2.ballerinalang.compiler.PackageLoader.parseAndDefine(PackageLoader.java:377)
	at org.wso2.ballerinalang.compiler.PackageLoader.loadPackageSymbol(PackageLoader.java:325)
	at org.wso2.ballerinalang.compiler.semantics.analyzer.SymbolEnter.visit(SymbolEnter.java:300)
	at org.wso2.ballerinalang.compiler.tree.BLangImportPackage.accept(BLangImportPackage.java:78)
	at org.wso2.ballerinalang.compiler.semantics.analyzer.SymbolEnter.defineNode(SymbolEnter.java:171)
	at org.wso2.ballerinalang.compiler.semantics.analyzer.SymbolEnter.lambda$visit$0(SymbolEnter.java:194)
	at java.util.ArrayList.forEach(ArrayList.java:1257)
	at org.wso2.ballerinalang.compiler.semantics.analyzer.SymbolEnter.visit(SymbolEnter.java:194)
	at org.wso2.ballerinalang.compiler.tree.BLangPackage.accept(BLangPackage.java:150)
	at org.wso2.ballerinalang.compiler.semantics.analyzer.SymbolEnter.defineNode(SymbolEnter.java:171)
	at org.wso2.ballerinalang.compiler.semantics.analyzer.SymbolEnter.definePackage(SymbolEnter.java:164)
	at org.wso2.ballerinalang.compiler.PackageLoader.define(PackageLoader.java:382)
	at org.wso2.ballerinalang.compiler.PackageLoader.parseAndDefine(PackageLoader.java:377)
	at org.wso2.ballerinalang.compiler.PackageLoader.loadPackageSymbol(PackageLoader.java:325)
	at org.wso2.ballerinalang.compiler.semantics.analyzer.SymbolEnter.visit(SymbolEnter.java:300)
	at org.wso2.ballerinalang.compiler.tree.BLangImportPackage.accept(BLangImportPackage.java:78)
	at org.wso2.ballerinalang.compiler.semantics.analyzer.SymbolEnter.defineNode(SymbolEnter.java:171)
	at org.wso2.ballerinalang.compiler.semantics.analyzer.SymbolEnter.lambda$visit$0(SymbolEnter.java:194)
	at java.util.ArrayList.forEach(ArrayList.java:1257)
	at org.wso2.ballerinalang.compiler.semantics.analyzer.SymbolEnter.visit(SymbolEnter.java:194)
	at org.wso2.ballerinalang.compiler.tree.BLangPackage.accept(BLangPackage.java:150)
	at org.wso2.ballerinalang.compiler.semantics.analyzer.SymbolEnter.defineNode(SymbolEnter.java:171)
	at org.wso2.ballerinalang.compiler.semantics.analyzer.SymbolEnter.definePackage(SymbolEnter.java:164)
	at org.wso2.ballerinalang.compiler.PackageLoader.define(PackageLoader.java:382)
	at org.wso2.ballerinalang.compiler.PackageLoader.parseAndDefine(PackageLoader.java:377)
	at org.wso2.ballerinalang.compiler.PackageLoader.loadPackageSymbol(PackageLoader.java:325)
	at org.wso2.ballerinalang.compiler.semantics.analyzer.SymbolEnter.visit(SymbolEnter.java:300)
	at org.wso2.ballerinalang.compiler.tree.BLangImportPackage.accept(BLangImportPackage.java:78)
	at org.wso2.ballerinalang.compiler.semantics.analyzer.SymbolEnter.defineNode(SymbolEnter.java:171)
	at org.wso2.ballerinalang.compiler.semantics.analyzer.SymbolEnter.lambda$visit$0(SymbolEnter.java:194)
	at java.util.ArrayList.forEach(ArrayList.java:1257)
	at org.wso2.ballerinalang.compiler.semantics.analyzer.SymbolEnter.visit(SymbolEnter.java:194)
	at org.wso2.ballerinalang.compiler.tree.BLangPackage.accept(BLangPackage.java:150)
	at org.wso2.ballerinalang.compiler.semantics.analyzer.SymbolEnter.defineNode(SymbolEnter.java:171)
	at org.wso2.ballerinalang.compiler.semantics.analyzer.SymbolEnter.definePackage(SymbolEnter.java:164)
	at org.wso2.ballerinalang.compiler.PackageLoader.define(PackageLoader.java:382)
	at org.wso2.ballerinalang.compiler.PackageLoader.parseAndDefine(PackageLoader.java:377)
	at org.wso2.ballerinalang.compiler.PackageLoader.loadPackageSymbol(PackageLoader.java:325)
	at org.wso2.ballerinalang.compiler.semantics.analyzer.SymbolEnter.visit(SymbolEnter.java:300)
	at org.wso2.ballerinalang.compiler.tree.BLangImportPackage.accept(BLangImportPackage.java:78)
	at org.wso2.ballerinalang.compiler.semantics.analyzer.SymbolEnter.defineNode(SymbolEnter.java:171)
	at org.wso2.ballerinalang.compiler.semantics.analyzer.SymbolEnter.lambda$visit$0(SymbolEnter.java:194)
	at java.util.ArrayList.forEach(ArrayList.java:1257)
	at org.wso2.ballerinalang.compiler.semantics.analyzer.SymbolEnter.visit(SymbolEnter.java:194)
	at org.wso2.ballerinalang.compiler.tree.BLangPackage.accept(BLangPackage.java:150)
	at org.wso2.ballerinalang.compiler.semantics.analyzer.SymbolEnter.defineNode(SymbolEnter.java:171)
	at org.wso2.ballerinalang.compiler.semantics.analyzer.SymbolEnter.definePackage(SymbolEnter.java:164)
	at org.wso2.ballerinalang.compiler.PackageLoader.define(PackageLoader.java:382)
	at org.wso2.ballerinalang.compiler.PackageLoader.parseAndDefine(PackageLoader.java:377)
	at org.wso2.ballerinalang.compiler.PackageLoader.loadPackageSymbol(PackageLoader.java:325)
	at org.wso2.ballerinalang.compiler.semantics.analyzer.SymbolEnter.visit(SymbolEnter.java:300)
	at org.wso2.ballerinalang.compiler.tree.BLangImportPackage.accept(BLangImportPackage.java:78)
	at org.wso2.ballerinalang.compiler.semantics.analyzer.SymbolEnter.defineNode(SymbolEnter.java:171)
	at org.wso2.ballerinalang.compiler.semantics.analyzer.SymbolEnter.lambda$visit$0(SymbolEnter.java:194)
	at java.util.ArrayList.forEach(ArrayList.java:1257)
	at org.wso2.ballerinalang.compiler.semantics.analyzer.SymbolEnter.visit(SymbolEnter.java:194)
	at org.wso2.ballerinalang.compiler.tree.BLangPackage.accept(BLangPackage.java:150)
	at org.wso2.ballerinalang.compiler.semantics.analyzer.SymbolEnter.defineNode(SymbolEnter.java:171)
	at org.wso2.ballerinalang.compiler.semantics.analyzer.SymbolEnter.definePackage(SymbolEnter.java:164)
	at org.wso2.ballerinalang.compiler.PackageLoader.define(PackageLoader.java:382)
	at org.wso2.ballerinalang.compiler.PackageLoader.parseAndDefine(PackageLoader.java:377)
	at org.wso2.ballerinalang.compiler.PackageLoader.loadPackageSymbol(PackageLoader.java:325)
	at org.wso2.ballerinalang.compiler.semantics.analyzer.SymbolEnter.visit(SymbolEnter.java:300)
	at org.wso2.ballerinalang.compiler.tree.BLangImportPackage.accept(BLangImportPackage.java:78)
	at org.wso2.ballerinalang.compiler.semantics.analyzer.SymbolEnter.defineNode(SymbolEnter.java:171)
	at org.wso2.ballerinalang.compiler.semantics.analyzer.SymbolEnter.lambda$visit$0(SymbolEnter.java:194)
	at java.util.ArrayList.forEach(ArrayList.java:1257)
	at org.wso2.ballerinalang.compiler.semantics.analyzer.SymbolEnter.visit(SymbolEnter.java:194)
	at org.wso2.ballerinalang.compiler.tree.BLangPackage.accept(BLangPackage.java:150)
	at org.wso2.ballerinalang.compiler.semantics.analyzer.SymbolEnter.defineNode(SymbolEnter.java:171)
	at org.wso2.ballerinalang.compiler.semantics.analyzer.SymbolEnter.definePackage(SymbolEnter.java:164)
	at org.wso2.ballerinalang.compiler.PackageLoader.define(PackageLoader.java:382)
	at org.wso2.ballerinalang.compiler.PackageLoader.parseAndDefine(PackageLoader.java:377)
	at org.wso2.ballerinalang.compiler.PackageLoader.loadPackageSymbol(PackageLoader.java:325)
	at org.wso2.ballerinalang.compiler.semantics.analyzer.SymbolEnter.visit(SymbolEnter.java:300)
	at org.wso2.ballerinalang.compiler.tree.BLangImportPackage.accept(BLangImportPackage.java:78)
	at org.wso2.ballerinalang.compiler.semantics.analyzer.SymbolEnter.defineNode(SymbolEnter.java:171)
	at org.wso2.ballerinalang.compiler.semantics.analyzer.SymbolEnter.lambda$visit$0(SymbolEnter.java:194)
	at java.util.ArrayList.forEach(ArrayList.java:1257)
	at org.wso2.ballerinalang.compiler.semantics.analyzer.SymbolEnter.visit(SymbolEnter.java:194)
	at org.wso2.ballerinalang.compiler.tree.BLangPackage.accept(BLangPackage.java:150)
	at org.wso2.ballerinalang.compiler.semantics.analyzer.SymbolEnter.defineNode(SymbolEnter.java:171)
	at org.wso2.ballerinalang.compiler.semantics.analyzer.SymbolEnter.definePackage(SymbolEnter.java:164)
	at org.wso2.ballerinalang.compiler.PackageLoader.define(PackageLoader.java:382)
	at org.wso2.ballerinalang.compiler.PackageLoader.parseAndDefine(PackageLoader.java:377)
	at org.wso2.ballerinalang.compiler.PackageLoader.loadPackageSymbol(PackageLoader.java:325)
	at org.wso2.ballerinalang.compiler.semantics.analyzer.SymbolEnter.visit(SymbolEnter.java:300)
	at org.wso2.ballerinalang.compiler.tree.BLangImportPackage.accept(BLangImportPackage.java:78)
	at org.wso2.ballerinalang.compiler.semantics.analyzer.SymbolEnter.defineNode(SymbolEnter.java:171)
	at org.wso2.ballerinalang.compiler.semantics.analyzer.SymbolEnter.lambda$visit$0(SymbolEnter.java:194)
	at java.util.ArrayList.forEach(ArrayList.java:1257)
	at org.wso2.ballerinalang.compiler.semantics.analyzer.SymbolEnter.visit(SymbolEnter.java:194)
	at org.wso2.ballerinalang.compiler.tree.BLangPackage.accept(BLangPackage.java:150)
	at org.wso2.ballerinalang.compiler.semantics.analyzer.SymbolEnter.defineNode(SymbolEnter.java:171)
	at org.wso2.ballerinalang.compiler.semantics.analyzer.SymbolEnter.definePackage(SymbolEnter.java:164)
	at org.wso2.ballerinalang.compiler.PackageLoader.define(PackageLoader.java:382)
	at org.wso2.ballerinalang.compiler.PackageLoader.parseAndDefine(PackageLoader.java:377)
	at org.wso2.ballerinalang.compiler.PackageLoader.loadPackageSymbol(PackageLoader.java:325)
	at org.wso2.ballerinalang.compiler.semantics.analyzer.SymbolEnter.visit(SymbolEnter.java:300)
	at org.wso2.ballerinalang.compiler.tree.BLangImportPackage.accept(BLangImportPackage.java:78)
	at org.wso2.ballerinalang.compiler.semantics.analyzer.SymbolEnter.defineNode(SymbolEnter.java:171)
	at org.wso2.ballerinalang.compiler.semantics.analyzer.SymbolEnter.lambda$visit$0(SymbolEnter.java:194)
	at java.util.ArrayList.forEach(ArrayList.java:1257)
	at org.wso2.ballerinalang.compiler.semantics.analyzer.SymbolEnter.visit(SymbolEnter.java:194)
	at org.wso2.ballerinalang.compiler.tree.BLangPackage.accept(BLangPackage.java:150)
	at org.wso2.ballerinalang.compiler.semantics.analyzer.SymbolEnter.defineNode(SymbolEnter.java:171)
	at org.wso2.ballerinalang.compiler.semantics.analyzer.SymbolEnter.definePackage(SymbolEnter.java:164)
	at org.wso2.ballerinalang.compiler.PackageLoader.define(PackageLoader.java:382)
	at org.wso2.ballerinalang.compiler.PackageLoader.parseAndDefine(PackageLoader.java:377)
	at org.wso2.ballerinalang.compiler.PackageLoader.loadPackageSymbol(PackageLoader.java:325)
	at org.wso2.ballerinalang.compiler.semantics.analyzer.SymbolEnter.visit(SymbolEnter.java:300)
	at org.wso2.ballerinalang.compiler.tree.BLangImportPackage.accept(BLangImportPackage.java:78)
	at org.wso2.ballerinalang.compiler.semantics.analyzer.SymbolEnter.defineNode(SymbolEnter.java:171)
	at org.wso2.ballerinalang.compiler.semantics.analyzer.SymbolEnter.lambda$visit$0(SymbolEnter.java:194)
	at java.util.ArrayList.forEach(ArrayList.java:1257)
	at org.wso2.ballerinalang.compiler.semantics.analyzer.SymbolEnter.visit(SymbolEnter.java:194)
	at org.wso2.ballerinalang.compiler.tree.BLangPackage.accept(BLangPackage.java:150)
	at org.wso2.ballerinalang.compiler.semantics.analyzer.SymbolEnter.defineNode(SymbolEnter.java:171)
	at org.wso2.ballerinalang.compiler.semantics.analyzer.SymbolEnter.definePackage(SymbolEnter.java:164)
	at org.wso2.ballerinalang.compiler.PackageLoader.define(PackageLoader.java:382)
	at org.wso2.ballerinalang.compiler.PackageLoader.parseAndDefine(PackageLoader.java:377)
	at org.wso2.ballerinalang.compiler.PackageLoader.loadPackageSymbol(PackageLoader.java:325)
	at org.wso2.ballerinalang.compiler.semantics.analyzer.SymbolEnter.visit(SymbolEnter.java:300)
	at org.wso2.ballerinalang.compiler.tree.BLangImportPackage.accept(BLangImportPackage.java:78)
	at org.wso2.ballerinalang.compiler.semantics.analyzer.SymbolEnter.defineNode(SymbolEnter.java:171)
	at org.wso2.ballerinalang.compiler.semantics.analyzer.SymbolEnter.lambda$visit$0(SymbolEnter.java:194)
	at java.util.ArrayList.forEach(ArrayList.java:1257)
	at org.wso2.ballerinalang.compiler.semantics.analyzer.SymbolEnter.visit(SymbolEnter.java:194)
	at org.wso2.ballerinalang.compiler.tree.BLangPackage.accept(BLangPackage.java:150)
	at org.wso2.ballerinalang.compiler.semantics.analyzer.SymbolEnter.defineNode(SymbolEnter.java:171)
	at org.wso2.ballerinalang.compiler.semantics.analyzer.SymbolEnter.definePackage(SymbolEnter.java:164)
	at org.wso2.ballerinalang.compiler.PackageLoader.define(PackageLoader.java:382)
	at org.wso2.ballerinalang.compiler.PackageLoader.parseAndDefine(PackageLoader.java:377)
	at org.wso2.ballerinalang.compiler.PackageLoader.loadPackageSymbol(PackageLoader.java:325)
	at org.wso2.ballerinalang.compiler.semantics.analyzer.SymbolEnter.visit(SymbolEnter.java:300)
	at org.wso2.ballerinalang.compiler.tree.BLangImportPackage.accept(BLangImportPackage.java:78)
	at org.wso2.ballerinalang.compiler.semantics.analyzer.SymbolEnter.defineNode(SymbolEnter.java:171)
	at org.wso2.ballerinalang.compiler.semantics.analyzer.SymbolEnter.lambda$visit$0(SymbolEnter.java:194)
	at java.util.ArrayList.forEach(ArrayList.java:1257)
	at org.wso2.ballerinalang.compiler.semantics.analyzer.SymbolEnter.visit(SymbolEnter.java:194)
	at org.wso2.ballerinalang.compiler.tree.BLangPackage.accept(BLangPackage.java:150)
	at org.wso2.ballerinalang.compiler.semantics.analyzer.SymbolEnter.defineNode(SymbolEnter.java:171)
	at org.wso2.ballerinalang.compiler.semantics.analyzer.SymbolEnter.definePackage(SymbolEnter.java:164)
	at org.wso2.ballerinalang.compiler.PackageLoader.define(PackageLoader.java:382)
	at org.wso2.ballerinalang.compiler.PackageLoader.parseAndDefine(PackageLoader.java:377)
	at org.wso2.ballerinalang.compiler.PackageLoader.loadPackageSymbol(PackageLoader.java:325)
	at org.wso2.ballerinalang.compiler.semantics.analyzer.SymbolEnter.visit(SymbolEnter.java:300)
	at org.wso2.ballerinalang.compiler.tree.BLangImportPackage.accept(BLangImportPackage.java:78)
	at org.wso2.ballerinalang.compiler.semantics.analyzer.SymbolEnter.defineNode(SymbolEnter.java:171)
	at org.wso2.ballerinalang.compiler.semantics.analyzer.SymbolEnter.lambda$visit$0(SymbolEnter.java:194)
	at java.util.ArrayList.forEach(ArrayList.java:1257)
	at org.wso2.ballerinalang.compiler.semantics.analyzer.SymbolEnter.visit(SymbolEnter.java:194)
	at org.wso2.ballerinalang.compiler.tree.BLangPackage.accept(BLangPackage.java:150)
	at org.wso2.ballerinalang.compiler.semantics.analyzer.SymbolEnter.defineNode(SymbolEnter.java:171)
	at org.wso2.ballerinalang.compiler.semantics.analyzer.SymbolEnter.definePackage(SymbolEnter.java:164)
	at org.wso2.ballerinalang.compiler.PackageLoader.define(PackageLoader.java:382)
	at org.wso2.ballerinalang.compiler.PackageLoader.parseAndDefine(PackageLoader.java:377)
	at org.wso2.ballerinalang.compiler.PackageLoader.loadPackageSymbol(PackageLoader.java:325)
	at org.wso2.ballerinalang.compiler.semantics.analyzer.SymbolEnter.visit(SymbolEnter.java:300)
	at org.wso2.ballerinalang.compiler.tree.BLangImportPackage.accept(BLangImportPackage.java:78)
	at org.wso2.ballerinalang.compiler.semantics.analyzer.SymbolEnter.defineNode(SymbolEnter.java:171)
	at org.wso2.ballerinalang.compiler.semantics.analyzer.SymbolEnter.lambda$visit$0(SymbolEnter.java:194)
	at java.util.ArrayList.forEach(ArrayList.java:1257)
	at org.wso2.ballerinalang.compiler.semantics.analyzer.SymbolEnter.visit(SymbolEnter.java:194)
	at org.wso2.ballerinalang.compiler.tree.BLangPackage.accept(BLangPackage.java:150)
	at org.wso2.ballerinalang.compiler.semantics.analyzer.SymbolEnter.defineNode(SymbolEnter.java:171)
	at org.wso2.ballerinalang.compiler.semantics.analyzer.SymbolEnter.definePackage(SymbolEnter.java:164)
	at org.wso2.ballerinalang.compiler.PackageLoader.define(PackageLoader.java:382)
	at org.wso2.ballerinalang.compiler.PackageLoader.parseAndDefine(PackageLoader.java:377)
	at org.wso2.ballerinalang.compiler.PackageLoader.loadPackageSymbol(PackageLoader.java:325)
	at org.wso2.ballerinalang.compiler.semantics.analyzer.SymbolEnter.visit(SymbolEnter.java:300)
	at org.wso2.ballerinalang.compiler.tree.BLangImportPackage.accept(BLangImportPackage.java:78)
	at org.wso2.ballerinalang.compiler.semantics.analyzer.SymbolEnter.defineNode(SymbolEnter.java:171)
	at org.wso2.ballerinalang.compiler.semantics.analyzer.SymbolEnter.lambda$visit$0(SymbolEnter.java:194)
	at java.util.ArrayList.forEach(ArrayList.java:1257)
	at org.wso2.ballerinalang.compiler.semantics.analyzer.SymbolEnter.visit(SymbolEnter.java:194)
	at org.wso2.ballerinalang.compiler.tree.BLangPackage.accept(BLangPackage.java:150)
	at org.wso2.ballerinalang.compiler.semantics.analyzer.SymbolEnter.defineNode(SymbolEnter.java:171)
	at org.wso2.ballerinalang.compiler.semantics.analyzer.SymbolEnter.definePackage(SymbolEnter.java:164)
	at org.wso2.ballerinalang.compiler.PackageLoader.define(PackageLoader.java:382)
	at org.wso2.ballerinalang.compiler.PackageLoader.parseAndDefine(PackageLoader.java:377)
	at org.wso2.ballerinalang.compiler.PackageLoader.loadPackageSymbol(PackageLoader.java:325)
	at org.wso2.ballerinalang.compiler.semantics.analyzer.SymbolEnter.visit(SymbolEnter.java:300)
	at org.wso2.ballerinalang.compiler.tree.BLangImportPackage.accept(BLangImportPackage.java:78)
	at org.wso2.ballerinalang.compiler.semantics.analyzer.SymbolEnter.defineNode(SymbolEnter.java:171)
	at org.wso2.ballerinalang.compiler.semantics.analyzer.SymbolEnter.lambda$visit$0(SymbolEnter.java:194)
	at java.util.ArrayList.forEach(ArrayList.java:1257)
	at org.wso2.ballerinalang.compiler.semantics.analyzer.SymbolEnter.visit(SymbolEnter.java:194)
	at org.wso2.ballerinalang.compiler.tree.BLangPackage.accept(BLangPackage.java:150)
	at org.wso2.ballerinalang.compiler.semantics.analyzer.SymbolEnter.defineNode(SymbolEnter.java:171)
	at org.wso2.ballerinalang.compiler.semantics.analyzer.SymbolEnter.definePackage(SymbolEnter.java:164)
	at org.wso2.ballerinalang.compiler.PackageLoader.define(PackageLoader.java:382)
	at org.wso2.ballerinalang.compiler.PackageLoader.parseAndDefine(PackageLoader.java:377)
	at org.wso2.ballerinalang.compiler.PackageLoader.loadPackageSymbol(PackageLoader.java:325)
	at org.wso2.ballerinalang.compiler.semantics.analyzer.SymbolEnter.visit(SymbolEnter.java:300)
	at org.wso2.ballerinalang.compiler.tree.BLangImportPackage.accept(BLangImportPackage.java:78)
	at org.wso2.ballerinalang.compiler.semantics.analyzer.SymbolEnter.defineNode(SymbolEnter.java:171)
	at org.wso2.ballerinalang.compiler.semantics.analyzer.SymbolEnter.lambda$visit$0(SymbolEnter.java:194)
	at java.util.ArrayList.forEach(ArrayList.java:1257)
	at org.wso2.ballerinalang.compiler.semantics.analyzer.SymbolEnter.visit(SymbolEnter.java:194)
	at org.wso2.ballerinalang.compiler.tree.BLangPackage.accept(BLangPackage.java:150)
	at org.wso2.ballerinalang.compiler.semantics.analyzer.SymbolEnter.defineNode(SymbolEnter.java:171)
	at org.wso2.ballerinalang.compiler.semantics.analyzer.SymbolEnter.definePackage(SymbolEnter.java:164)
	at org.wso2.ballerinalang.compiler.PackageLoader.define(PackageLoader.java:382)
	at org.wso2.ballerinalang.compiler.PackageLoader.parseAndDefine(PackageLoader.java:377)
	at org.wso2.ballerinalang.compiler.PackageLoader.loadPackageSymbol(PackageLoader.java:325)
	at org.wso2.ballerinalang.compiler.semantics.analyzer.SymbolEnter.visit(SymbolEnter.java:300)
	at org.wso2.ballerinalang.compiler.tree.BLangImportPackage.accept(BLangImportPackage.java:78)
	at org.wso2.ballerinalang.compiler.semantics.analyzer.SymbolEnter.defineNode(SymbolEnter.java:171)
	at org.wso2.ballerinalang.compiler.semantics.analyzer.SymbolEnter.lambda$visit$0(SymbolEnter.java:194)
	at java.util.ArrayList.forEach(ArrayList.java:1257)
	at org.wso2.ballerinalang.compiler.semantics.analyzer.SymbolEnter.visit(SymbolEnter.java:194)
	at org.wso2.ballerinalang.compiler.tree.BLangPackage.accept(BLangPackage.java:150)
	at org.wso2.ballerinalang.compiler.semantics.analyzer.SymbolEnter.defineNode(SymbolEnter.java:171)
	at org.wso2.ballerinalang.compiler.semantics.analyzer.SymbolEnter.definePackage(SymbolEnter.java:164)
	at org.wso2.ballerinalang.compiler.PackageLoader.define(PackageLoader.java:382)
	at org.wso2.ballerinalang.compiler.PackageLoader.parseAndDefine(PackageLoader.java:377)
	at org.wso2.ballerinalang.compiler.PackageLoader.loadPackageSymbol(PackageLoader.java:325)
	at org.wso2.ballerinalang.compiler.semantics.analyzer.SymbolEnter.visit(SymbolEnter.java:300)
	at org.wso2.ballerinalang.compiler.tree.BLangImportPackage.accept(BLangImportPackage.java:78)
	at org.wso2.ballerinalang.compiler.semantics.analyzer.SymbolEnter.defineNode(SymbolEnter.java:171)
	at org.wso2.ballerinalang.compiler.semantics.analyzer.SymbolEnter.lambda$visit$0(SymbolEnter.java:194)
	at java.util.ArrayList.forEach(ArrayList.java:1257)
	at org.wso2.ballerinalang.compiler.semantics.analyzer.SymbolEnter.visit(SymbolEnter.java:194)
	at org.wso2.ballerinalang.compiler.tree.BLangPackage.accept(BLangPackage.java:150)
	at org.wso2.ballerinalang.compiler.semantics.analyzer.SymbolEnter.defineNode(SymbolEnter.java:171)
	at org.wso2.ballerinalang.compiler.semantics.analyzer.SymbolEnter.definePackage(SymbolEnter.java:164)
	at org.wso2.ballerinalang.compiler.PackageLoader.define(PackageLoader.java:382)
	at org.wso2.ballerinalang.compiler.PackageLoader.parseAndDefine(PackageLoader.java:377)
	at org.wso2.ballerinalang.compiler.PackageLoader.loadPackageSymbol(PackageLoader.java:325)
	at org.wso2.ballerinalang.compiler.semantics.analyzer.SymbolEnter.visit(SymbolEnter.java:300)
	at org.wso2.ballerinalang.compiler.tree.BLangImportPackage.accept(BLangImportPackage.java:78)
	at org.wso2.ballerinalang.compiler.semantics.analyzer.SymbolEnter.defineNode(SymbolEnter.java:171)
	at org.wso2.ballerinalang.compiler.semantics.analyzer.SymbolEnter.lambda$visit$0(SymbolEnter.java:194)
	at java.util.ArrayList.forEach(ArrayList.java:1257)
	at org.wso2.ballerinalang.compiler.semantics.analyzer.SymbolEnter.visit(SymbolEnter.java:194)
	at org.wso2.ballerinalang.compiler.tree.BLangPackage.accept(BLangPackage.java:150)
	at org.wso2.ballerinalang.compiler.semantics.analyzer.SymbolEnter.defineNode(SymbolEnter.java:171)
	at org.wso2.ballerinalang.compiler.semantics.analyzer.SymbolEnter.definePackage(SymbolEnter.java:164)
	at org.wso2.ballerinalang.compiler.PackageLoader.define(PackageLoader.java:382)
	at org.wso2.ballerinalang.compiler.PackageLoader.parseAndDefine(PackageLoader.java:377)
	at org.wso2.ballerinalang.compiler.PackageLoader.loadPackageSymbol(PackageLoader.java:325)
	at org.wso2.ballerinalang.compiler.semantics.analyzer.SymbolEnter.visit(SymbolEnter.java:300)
	at org.wso2.ballerinalang.compiler.tree.BLangImportPackage.accept(BLangImportPackage.java:78)
	at org.wso2.ballerinalang.compiler.semantics.analyzer.SymbolEnter.defineNode(SymbolEnter.java:171)
	at org.wso2.ballerinalang.compiler.semantics.analyzer.SymbolEnter.lambda$visit$0(SymbolEnter.java:194)
	at java.util.ArrayList.forEach(ArrayList.java:1257)
	at org.wso2.ballerinalang.compiler.semantics.analyzer.SymbolEnter.visit(SymbolEnter.java:194)
	at org.wso2.ballerinalang.compiler.tree.BLangPackage.accept(BLangPackage.java:150)
	at org.wso2.ballerinalang.compiler.semantics.analyzer.SymbolEnter.defineNode(SymbolEnter.java:171)
	at org.wso2.ballerinalang.compiler.semantics.analyzer.SymbolEnter.definePackage(SymbolEnter.java:164)
	at org.wso2.ballerinalang.compiler.PackageLoader.define(PackageLoader.java:382)
	at org.wso2.ballerinalang.compiler.PackageLoader.parseAndDefine(PackageLoader.java:377)
	at org.wso2.ballerinalang.compiler.PackageLoader.loadPackageSymbol(PackageLoader.java:325)
	at org.wso2.ballerinalang.compiler.semantics.analyzer.SymbolEnter.visit(SymbolEnter.java:300)
	at org.wso2.ballerinalang.compiler.tree.BLangImportPackage.accept(BLangImportPackage.java:78)
	at org.wso2.ballerinalang.compiler.semantics.analyzer.SymbolEnter.defineNode(SymbolEnter.java:171)
	at org.wso2.ballerinalang.compiler.semantics.analyzer.SymbolEnter.lambda$visit$0(SymbolEnter.java:194)
	at java.util.ArrayList.forEach(ArrayList.java:1257)
	at org.wso2.ballerinalang.compiler.semantics.analyzer.SymbolEnter.visit(SymbolEnter.java:194)
	at org.wso2.ballerinalang.compiler.tree.BLangPackage.accept(BLangPackage.java:150)
	at org.wso2.ballerinalang.compiler.semantics.analyzer.SymbolEnter.defineNode(SymbolEnter.java:171)
	at org.wso2.ballerinalang.compiler.semantics.analyzer.SymbolEnter.definePackage(SymbolEnter.java:164)
	at org.wso2.ballerinalang.compiler.PackageLoader.define(PackageLoader.java:382)
	at org.wso2.ballerinalang.compiler.PackageLoader.parseAndDefine(PackageLoader.java:377)
	at org.wso2.ballerinalang.compiler.PackageLoader.loadPackageSymbol(PackageLoader.java:325)
	at org.wso2.ballerinalang.compiler.semantics.analyzer.SymbolEnter.visit(SymbolEnter.java:300)
	at org.wso2.ballerinalang.compiler.tree.BLangImportPackage.accept(BLangImportPackage.java:78)
	at org.wso2.ballerinalang.compiler.semantics.analyzer.SymbolEnter.defineNode(SymbolEnter.java:171)
	at org.wso2.ballerinalang.compiler.semantics.analyzer.SymbolEnter.lambda$visit$0(SymbolEnter.java:194)
	at java.util.ArrayList.forEach(ArrayList.java:1257)
	at org.wso2.ballerinalang.compiler.semantics.analyzer.SymbolEnter.visit(SymbolEnter.java:194)
	at org.wso2.ballerinalang.compiler.tree.BLangPackage.accept(BLangPackage.java:150)
	at org.wso2.ballerinalang.compiler.semantics.analyzer.SymbolEnter.defineNode(SymbolEnter.java:171)
	at org.wso2.ballerinalang.compiler.semantics.analyzer.SymbolEnter.definePackage(SymbolEnter.java:164)
	at org.wso2.ballerinalang.compiler.PackageLoader.define(PackageLoader.java:382)
	at org.wso2.ballerinalang.compiler.PackageLoader.parseAndDefine(PackageLoader.java:377)
	at org.wso2.ballerinalang.compiler.PackageLoader.loadPackageSymbol(PackageLoader.java:325)
	at org.wso2.ballerinalang.compiler.semantics.analyzer.SymbolEnter.visit(SymbolEnter.java:300)
	at org.wso2.ballerinalang.compiler.tree.BLangImportPackage.accept(BLangImportPackage.java:78)
	at org.wso2.ballerinalang.compiler.semantics.analyzer.SymbolEnter.defineNode(SymbolEnter.java:171)
	at org.wso2.ballerinalang.compiler.semantics.analyzer.SymbolEnter.lambda$visit$0(SymbolEnter.java:194)
	at java.util.ArrayList.forEach(ArrayList.java:1257)
	at org.wso2.ballerinalang.compiler.semantics.analyzer.SymbolEnter.visit(SymbolEnter.java:194)
	at org.wso2.ballerinalang.compiler.tree.BLangPackage.accept(BLangPackage.java:150)
	at org.wso2.ballerinalang.compiler.semantics.analyzer.SymbolEnter.defineNode(SymbolEnter.java:171)
	at org.wso2.ballerinalang.compiler.semantics.analyzer.SymbolEnter.definePackage(SymbolEnter.java:164)
	at org.wso2.ballerinalang.compiler.PackageLoader.define(PackageLoader.java:382)
	at org.wso2.ballerinalang.compiler.PackageLoader.parseAndDefine(PackageLoader.java:377)
	at org.wso2.ballerinalang.compiler.PackageLoader.loadPackageSymbol(PackageLoader.java:325)
	at org.wso2.ballerinalang.compiler.semantics.analyzer.SymbolEnter.visit(SymbolEnter.java:300)
	at org.wso2.ballerinalang.compiler.tree.BLangImportPackage.accept(BLangImportPackage.java:78)
	at org.wso2.ballerinalang.compiler.semantics.analyzer.SymbolEnter.defineNode(SymbolEnter.java:171)
	at org.wso2.ballerinalang.compiler.semantics.analyzer.SymbolEnter.lambda$visit$0(SymbolEnter.java:194)
	at java.util.ArrayList.forEach(ArrayList.java:1257)
	at org.wso2.ballerinalang.compiler.semantics.analyzer.SymbolEnter.visit(SymbolEnter.java:194)
	at org.wso2.ballerinalang.compiler.tree.BLangPackage.accept(BLangPackage.java:150)
	at org.wso2.ballerinalang.compiler.semantics.analyzer.SymbolEnter.defineNode(SymbolEnter.java:171)
	at org.wso2.ballerinalang.compiler.semantics.analyzer.SymbolEnter.definePackage(SymbolEnter.java:164)
	at org.wso2.ballerinalang.compiler.PackageLoader.define(PackageLoader.java:382)
	at org.wso2.ballerinalang.compiler.PackageLoader.parseAndDefine(PackageLoader.java:377)
	at org.wso2.ballerinalang.compiler.PackageLoader.loadPackageSymbol(PackageLoader.java:325)
	at org.wso2.ballerinalang.compiler.semantics.analyzer.SymbolEnter.visit(SymbolEnter.java:300)
	at org.wso2.ballerinalang.compiler.tree.BLangImportPackage.accept(BLangImportPackage.java:78)
	at org.wso2.ballerinalang.compiler.semantics.analyzer.SymbolEnter.defineNode(SymbolEnter.java:171)
	at org.wso2.ballerinalang.compiler.semantics.analyzer.SymbolEnter.lambda$visit$0(SymbolEnter.java:194)
	at java.util.ArrayList.forEach(ArrayList.java:1257)
	at org.wso2.ballerinalang.compiler.semantics.analyzer.SymbolEnter.visit(SymbolEnter.java:194)
	at org.wso2.ballerinalang.compiler.tree.BLangPackage.accept(BLangPackage.java:150)
	at org.wso2.ballerinalang.compiler.semantics.analyzer.SymbolEnter.defineNode(SymbolEnter.java:171)
	at org.wso2.ballerinalang.compiler.semantics.analyzer.SymbolEnter.definePackage(SymbolEnter.java:164)
	at org.wso2.ballerinalang.compiler.PackageLoader.define(PackageLoader.java:382)
	at org.wso2.ballerinalang.compiler.PackageLoader.parseAndDefine(PackageLoader.java:377)
	at org.wso2.ballerinalang.compiler.PackageLoader.loadPackageSymbol(PackageLoader.java:325)
	at org.wso2.ballerinalang.compiler.semantics.analyzer.SymbolEnter.visit(SymbolEnter.java:300)
	at org.wso2.ballerinalang.compiler.tree.BLangImportPackage.accept(BLangImportPackage.java:78)
	at org.wso2.ballerinalang.compiler.semantics.analyzer.SymbolEnter.defineNode(SymbolEnter.java:171)
	at org.wso2.ballerinalang.compiler.semantics.analyzer.SymbolEnter.lambda$visit$0(SymbolEnter.java:194)
	at java.util.ArrayList.forEach(ArrayList.java:1257)
	at org.wso2.ballerinalang.compiler.semantics.analyzer.SymbolEnter.visit(SymbolEnter.java:194)
	at org.wso2.ballerinalang.compiler.tree.BLangPackage.accept(BLangPackage.java:150)
	at org.wso2.ballerinalang.compiler.semantics.analyzer.SymbolEnter.defineNode(SymbolEnter.java:171)
	at org.wso2.ballerinalang.compiler.semantics.analyzer.SymbolEnter.definePackage(SymbolEnter.java:164)
	at org.wso2.ballerinalang.compiler.PackageLoader.define(PackageLoader.java:382)
	at org.wso2.ballerinalang.compiler.PackageLoader.parseAndDefine(PackageLoader.java:377)
	at org.wso2.ballerinalang.compiler.PackageLoader.loadPackageSymbol(PackageLoader.java:325)
	at org.wso2.ballerinalang.compiler.semantics.analyzer.SymbolEnter.visit(SymbolEnter.java:300)
	at org.wso2.ballerinalang.compiler.tree.BLangImportPackage.accept(BLangImportPackage.java:78)
	at org.wso2.ballerinalang.compiler.semantics.analyzer.SymbolEnter.defineNode(SymbolEnter.java:171)
	at org.wso2.ballerinalang.compiler.semantics.analyzer.SymbolEnter.lambda$visit$0(SymbolEnter.java:194)
	at java.util.ArrayList.forEach(ArrayList.java:1257)
	at org.wso2.ballerinalang.compiler.semantics.analyzer.SymbolEnter.visit(SymbolEnter.java:194)
	at org.wso2.ballerinalang.compiler.tree.BLangPackage.accept(BLangPackage.java:150)
	at org.wso2.ballerinalang.compiler.semantics.analyzer.SymbolEnter.defineNode(SymbolEnter.java:171)
	at org.wso2.ballerinalang.compiler.semantics.analyzer.SymbolEnter.definePackage(SymbolEnter.java:164)
	at org.wso2.ballerinalang.compiler.PackageLoader.define(PackageLoader.java:382)
	at org.wso2.ballerinalang.compiler.PackageLoader.parseAndDefine(PackageLoader.java:377)
	at org.wso2.ballerinalang.compiler.PackageLoader.loadPackageSymbol(PackageLoader.java:325)
	at org.wso2.ballerinalang.compiler.semantics.analyzer.SymbolEnter.visit(SymbolEnter.java:300)
	at org.wso2.ballerinalang.compiler.tree.BLangImportPackage.accept(BLangImportPackage.java:78)
	at org.wso2.ballerinalang.compiler.semantics.analyzer.SymbolEnter.defineNode(SymbolEnter.java:171)
	at org.wso2.ballerinalang.compiler.semantics.analyzer.SymbolEnter.lambda$visit$0(SymbolEnter.java:194)
	at java.util.ArrayList.forEach(ArrayList.java:1257)
	at org.wso2.ballerinalang.compiler.semantics.analyzer.SymbolEnter.visit(SymbolEnter.java:194)
	at org.wso2.ballerinalang.compiler.tree.BLangPackage.accept(BLangPackage.java:150)
	at org.wso2.ballerinalang.compiler.semantics.analyzer.SymbolEnter.defineNode(SymbolEnter.java:171)
	at org.wso2.ballerinalang.compiler.semantics.analyzer.SymbolEnter.definePackage(SymbolEnter.java:164)
	at org.wso2.ballerinalang.compiler.PackageLoader.define(PackageLoader.java:382)
	at org.wso2.ballerinalang.compiler.PackageLoader.parseAndDefine(PackageLoader.java:377)
	at org.wso2.ballerinalang.compiler.PackageLoader.loadPackageSymbol(PackageLoader.java:325)
	at org.wso2.ballerinalang.compiler.semantics.analyzer.SymbolEnter.visit(SymbolEnter.java:300)
	at org.wso2.ballerinalang.compiler.tree.BLangImportPackage.accept(BLangImportPackage.java:78)
	at org.wso2.ballerinalang.compiler.semantics.analyzer.SymbolEnter.defineNode(SymbolEnter.java:171)
	at org.wso2.ballerinalang.compiler.semantics.analyzer.SymbolEnter.lambda$visit$0(SymbolEnter.java:194)
	at java.util.ArrayList.forEach(ArrayList.java:1257)
	at org.wso2.ballerinalang.compiler.semantics.analyzer.SymbolEnter.visit(SymbolEnter.java:194)
	at org.wso2.ballerinalang.compiler.tree.BLangPackage.accept(BLangPackage.java:150)
	at org.wso2.ballerinalang.compiler.semantics.analyzer.SymbolEnter.defineNode(SymbolEnter.java:171)
	at org.wso2.ballerinalang.compiler.semantics.analyzer.SymbolEnter.definePackage(SymbolEnter.java:164)
	at org.wso2.ballerinalang.compiler.PackageLoader.define(PackageLoader.java:382)
	at org.wso2.ballerinalang.compiler.PackageLoader.parseAndDefine(PackageLoader.java:377)
	at org.wso2.ballerinalang.compiler.PackageLoader.loadPackageSymbol(PackageLoader.java:325)
	at org.wso2.ballerinalang.compiler.semantics.analyzer.SymbolEnter.visit(SymbolEnter.java:300)
	at org.wso2.ballerinalang.compiler.tree.BLangImportPackage.accept(BLangImportPackage.java:78)
	at org.wso2.ballerinalang.compiler.semantics.analyzer.SymbolEnter.defineNode(SymbolEnter.java:171)
	at org.wso2.ballerinalang.compiler.semantics.analyzer.SymbolEnter.lambda$visit$0(SymbolEnter.java:194)
	at java.util.ArrayList.forEach(ArrayList.java:1257)
	at org.wso2.ballerinalang.compiler.semantics.analyzer.SymbolEnter.visit(SymbolEnter.java:194)
	at org.wso2.ballerinalang.compiler.tree.BLangPackage.accept(BLangPackage.java:150)
	at org.wso2.ballerinalang.compiler.semantics.analyzer.SymbolEnter.defineNode(SymbolEnter.java:171)
	at org.wso2.ballerinalang.compiler.semantics.analyzer.SymbolEnter.definePackage(SymbolEnter.java:164)
	at org.wso2.ballerinalang.compiler.PackageLoader.define(PackageLoader.java:382)
	at org.wso2.ballerinalang.compiler.PackageLoader.parseAndDefine(PackageLoader.java:377)
	at org.wso2.ballerinalang.compiler.PackageLoader.loadPackageSymbol(PackageLoader.java:325)
	at org.wso2.ballerinalang.compiler.semantics.analyzer.SymbolEnter.visit(SymbolEnter.java:300)
	at org.wso2.ballerinalang.compiler.tree.BLangImportPackage.accept(BLangImportPackage.java:78)
	at org.wso2.ballerinalang.compiler.semantics.analyzer.SymbolEnter.defineNode(SymbolEnter.java:171)
	at org.wso2.ballerinalang.compiler.semantics.analyzer.SymbolEnter.lambda$visit$0(SymbolEnter.java:194)
	at java.util.ArrayList.forEach(ArrayList.java:1257)
	at org.wso2.ballerinalang.compiler.semantics.analyzer.SymbolEnter.visit(SymbolEnter.java:194)
	at org.wso2.ballerinalang.compiler.tree.BLangPackage.accept(BLangPackage.java:150)
	at org.wso2.ballerinalang.compiler.semantics.analyzer.SymbolEnter.defineNode(SymbolEnter.java:171)
	at org.wso2.ballerinalang.compiler.semantics.analyzer.SymbolEnter.definePackage(SymbolEnter.java:164)
	at org.wso2.ballerinalang.compiler.PackageLoader.define(PackageLoader.java:382)
	at org.wso2.ballerinalang.compiler.PackageLoader.parseAndDefine(PackageLoader.java:377)
	at org.wso2.ballerinalang.compiler.PackageLoader.loadPackageSymbol(PackageLoader.java:325)
	at org.wso2.ballerinalang.compiler.semantics.analyzer.SymbolEnter.visit(SymbolEnter.java:300)
	at org.wso2.ballerinalang.compiler.tree.BLangImportPackage.accept(BLangImportPackage.java:78)
	at org.wso2.ballerinalang.compiler.semantics.analyzer.SymbolEnter.defineNode(SymbolEnter.java:171)
	at org.wso2.ballerinalang.compiler.semantics.analyzer.SymbolEnter.lambda$visit$0(SymbolEnter.java:194)
	at java.util.ArrayList.forEach(ArrayList.java:1257)
	at org.wso2.ballerinalang.compiler.semantics.analyzer.SymbolEnter.visit(SymbolEnter.java:194)
	at org.wso2.ballerinalang.compiler.tree.BLangPackage.accept(BLangPackage.java:150)
	at org.wso2.ballerinalang.compiler.semantics.analyzer.SymbolEnter.defineNode(SymbolEnter.java:171)
	at org.wso2.ballerinalang.compiler.semantics.analyzer.SymbolEnter.definePackage(SymbolEnter.java:164)
	at org.wso2.ballerinalang.compiler.PackageLoader.define(PackageLoader.java:382)
	at org.wso2.ballerinalang.compiler.PackageLoader.parseAndDefine(PackageLoader.java:377)
	at org.wso2.ballerinalang.compiler.PackageLoader.loadPackageSymbol(PackageLoader.java:325)
	at org.wso2.ballerinalang.compiler.semantics.analyzer.SymbolEnter.visit(SymbolEnter.java:300)
	at org.wso2.ballerinalang.compiler.tree.BLangImportPackage.accept(BLangImportPackage.java:78)
	at org.wso2.ballerinalang.compiler.semantics.analyzer.SymbolEnter.defineNode(SymbolEnter.java:171)
	at org.wso2.ballerinalang.compiler.semantics.analyzer.SymbolEnter.lambda$visit$0(SymbolEnter.java:194)
	at java.util.ArrayList.forEach(ArrayList.java:1257)
	at org.wso2.ballerinalang.compiler.semantics.analyzer.SymbolEnter.visit(SymbolEnter.java:194)
	at org.wso2.ballerinalang.compiler.tree.BLangPackage.accept(BLangPackage.java:150)
	at org.wso2.ballerinalang.compiler.semantics.analyzer.SymbolEnter.defineNode(SymbolEnter.java:171)
	at org.wso2.ballerinalang.compiler.semantics.analyzer.SymbolEnter.definePackage(SymbolEnter.java:164)
	at org.wso2.ballerinalang.compiler.PackageLoader.define(PackageLoader.java:382)
	at org.wso2.ballerinalang.compiler.PackageLoader.parseAndDefine(PackageLoader.java:377)
	at org.wso2.ballerinalang.compiler.PackageLoader.loadPackageSymbol(PackageLoader.java:325)
	at org.wso2.ballerinalang.compiler.semantics.analyzer.SymbolEnter.visit(SymbolEnter.java:300)
	at org.wso2.ballerinalang.compiler.tree.BLangImportPackage.accept(BLangImportPackage.java:78)
	at org.wso2.ballerinalang.compiler.semantics.analyzer.SymbolEnter.defineNode(SymbolEnter.java:171)
	at org.wso2.ballerinalang.compiler.semantics.analyzer.SymbolEnter.lambda$visit$0(SymbolEnter.java:194)
	at java.util.ArrayList.forEach(ArrayList.java:1257)
	at org.wso2.ballerinalang.compiler.semantics.analyzer.SymbolEnter.visit(SymbolEnter.java:194)
	at org.wso2.ballerinalang.compiler.tree.BLangPackage.accept(BLangPackage.java:150)
	at org.wso2.ballerinalang.compiler.semantics.analyzer.SymbolEnter.defineNode(SymbolEnter.java:171)
	at org.wso2.ballerinalang.compiler.semantics.analyzer.SymbolEnter.definePackage(SymbolEnter.java:164)
	at org.wso2.ballerinalang.compiler.PackageLoader.define(PackageLoader.java:382)
	at org.wso2.ballerinalang.compiler.PackageLoader.parseAndDefine(PackageLoader.java:377)
	at org.wso2.ballerinalang.compiler.PackageLoader.loadPackageSymbol(PackageLoader.java:325)
	at org.wso2.ballerinalang.compiler.semantics.analyzer.SymbolEnter.visit(SymbolEnter.java:300)
	at org.wso2.ballerinalang.compiler.tree.BLangImportPackage.accept(BLangImportPackage.java:78)
	at org.wso2.ballerinalang.compiler.semantics.analyzer.SymbolEnter.defineNode(SymbolEnter.java:171)
	at org.wso2.ballerinalang.compiler.semantics.analyzer.SymbolEnter.lambda$visit$0(SymbolEnter.java:194)
	at java.util.ArrayList.forEach(ArrayList.java:1257)
	at org.wso2.ballerinalang.compiler.semantics.analyzer.SymbolEnter.visit(SymbolEnter.java:194)
	at org.wso2.ballerinalang.compiler.tree.BLangPackage.accept(BLangPackage.java:150)
	at org.wso2.ballerinalang.compiler.semantics.analyzer.SymbolEnter.defineNode(SymbolEnter.java:171)
	at org.wso2.ballerinalang.compiler.semantics.analyzer.SymbolEnter.definePackage(SymbolEnter.java:164)
	at org.wso2.ballerinalang.compiler.PackageLoader.define(PackageLoader.java:382)
	at org.wso2.ballerinalang.compiler.PackageLoader.parseAndDefine(PackageLoader.java:377)
	at org.wso2.ballerinalang.compiler.PackageLoader.loadPackageSymbol(PackageLoader.java:325)
	at org.wso2.ballerinalang.compiler.semantics.analyzer.SymbolEnter.visit(SymbolEnter.java:300)
	at org.wso2.ballerinalang.compiler.tree.BLangImportPackage.accept(BLangImportPackage.java:78)
	at org.wso2.ballerinalang.compiler.semantics.analyzer.SymbolEnter.defineNode(SymbolEnter.java:171)
	at org.wso2.ballerinalang.compiler.semantics.analyzer.SymbolEnter.lambda$visit$0(SymbolEnter.java:194)
	at java.util.ArrayList.forEach(ArrayList.java:1257)
	at org.wso2.ballerinalang.compiler.semantics.analyzer.SymbolEnter.visit(SymbolEnter.java:194)
	at org.wso2.ballerinalang.compiler.tree.BLangPackage.accept(BLangPackage.java:150)
	at org.wso2.ballerinalang.compiler.semantics.analyzer.SymbolEnter.defineNode(SymbolEnter.java:171)
	at org.wso2.ballerinalang.compiler.semantics.analyzer.SymbolEnter.definePackage(SymbolEnter.java:164)
	at org.wso2.ballerinalang.compiler.PackageLoader.define(PackageLoader.java:382)
	at org.wso2.ballerinalang.compiler.PackageLoader.parseAndDefine(PackageLoader.java:377)
	at org.wso2.ballerinalang.compiler.PackageLoader.loadPackageSymbol(PackageLoader.java:325)
	at org.wso2.ballerinalang.compiler.semantics.analyzer.SymbolEnter.visit(SymbolEnter.java:300)
	at org.wso2.ballerinalang.compiler.tree.BLangImportPackage.accept(BLangImportPackage.java:78)
	at org.wso2.ballerinalang.compiler.semantics.analyzer.SymbolEnter.defineNode(SymbolEnter.java:171)
	at org.wso2.ballerinalang.compiler.semantics.analyzer.SymbolEnter.lambda$visit$0(SymbolEnter.java:194)
	at java.util.ArrayList.forEach(ArrayList.java:1257)
	at org.wso2.ballerinalang.compiler.semantics.analyzer.SymbolEnter.visit(SymbolEnter.java:194)
	at org.wso2.ballerinalang.compiler.tree.BLangPackage.accept(BLangPackage.java:150)
	at org.wso2.ballerinalang.compiler.semantics.analyzer.SymbolEnter.defineNode(SymbolEnter.java:171)
	at org.wso2.ballerinalang.compiler.semantics.analyzer.SymbolEnter.definePackage(SymbolEnter.java:164)
	at org.wso2.ballerinalang.compiler.PackageLoader.define(PackageLoader.java:382)
	at org.wso2.ballerinalang.compiler.PackageLoader.parseAndDefine(PackageLoader.java:377)
	at org.wso2.ballerinalang.compiler.PackageLoader.loadPackageSymbol(PackageLoader.java:325)
	at org.wso2.ballerinalang.compiler.semantics.analyzer.SymbolEnter.visit(SymbolEnter.java:300)
	at org.wso2.ballerinalang.compiler.tree.BLangImportPackage.accept(BLangImportPackage.java:78)
	at org.wso2.ballerinalang.compiler.semantics.analyzer.SymbolEnter.defineNode(SymbolEnter.java:171)
	at org.wso2.ballerinalang.compiler.semantics.analyzer.SymbolEnter.lambda$visit$0(SymbolEnter.java:194)
	at java.util.ArrayList.forEach(ArrayList.java:1257)
	at org.wso2.ballerinalang.compiler.semantics.analyzer.SymbolEnter.visit(SymbolEnter.java:194)
	at org.wso2.ballerinalang.compiler.tree.BLangPackage.accept(BLangPackage.java:150)
	at org.wso2.ballerinalang.compiler.semantics.analyzer.SymbolEnter.defineNode(SymbolEnter.java:171)
	at org.wso2.ballerinalang.compiler.semantics.analyzer.SymbolEnter.definePackage(SymbolEnter.java:164)
	at org.wso2.ballerinalang.compiler.PackageLoader.define(PackageLoader.java:382)
	at org.wso2.ballerinalang.compiler.PackageLoader.parseAndDefine(PackageLoader.java:377)
	at org.wso2.ballerinalang.compiler.PackageLoader.loadPackageSymbol(PackageLoader.java:325)
	at org.wso2.ballerinalang.compiler.semantics.analyzer.SymbolEnter.visit(SymbolEnter.java:300)
	at org.wso2.ballerinalang.compiler.tree.BLangImportPackage.accept(BLangImportPackage.java:78)
	at org.wso2.ballerinalang.compiler.semantics.analyzer.SymbolEnter.defineNode(SymbolEnter.java:171)
	at org.wso2.ballerinalang.compiler.semantics.analyzer.SymbolEnter.lambda$visit$0(SymbolEnter.java:194)
	at java.util.ArrayList.forEach(ArrayList.java:1257)
	at org.wso2.ballerinalang.compiler.semantics.analyzer.SymbolEnter.visit(SymbolEnter.java:194)
	at org.wso2.ballerinalang.compiler.tree.BLangPackage.accept(BLangPackage.java:150)
	at org.wso2.ballerinalang.compiler.semantics.analyzer.SymbolEnter.defineNode(SymbolEnter.java:171)
	at org.wso2.ballerinalang.compiler.semantics.analyzer.SymbolEnter.definePackage(SymbolEnter.java:164)
	at org.wso2.ballerinalang.compiler.PackageLoader.define(PackageLoader.java:382)
	at org.wso2.ballerinalang.compiler.PackageLoader.parseAndDefine(PackageLoader.java:377)
	at org.wso2.ballerinalang.compiler.PackageLoader.loadPackageSymbol(PackageLoader.java:325)
	at org.wso2.ballerinalang.compiler.semantics.analyzer.SymbolEnter.visit(SymbolEnter.java:300)
	at org.wso2.ballerinalang.compiler.tree.BLangImportPackage.accept(BLangImportPackage.java:78)
 
[2018-08-06 22:40:49,977] ERROR {org.ballerinalang.launcher.Main} - configuration file not found: ballerina 
java.lang.RuntimeException: configuration file not found: ballerina
	at org.ballerinalang.config.ConfigProcessor.getConfigFile(ConfigProcessor.java:136)
	at org.ballerinalang.config.ConfigProcessor.processConfiguration(ConfigProcessor.java:61)
	at org.ballerinalang.config.ConfigRegistry.initRegistry(ConfigRegistry.java:69)
	at org.ballerinalang.testerina.core.TestCmd.execute(TestCmd.java:137)
	at java.util.Optional.ifPresent(Optional.java:159)
	at org.ballerinalang.launcher.Main.main(Main.java:66)
 
